<?xml version="1.0" encoding="utf-8"?>
<test-run id="2" testcasecount="159" result="Passed" total="159" passed="159" failed="0" inconclusive="0" skipped="0" asserts="0" engine-version="3.5.0.0" clr-version="4.0.30319.42000" start-time="2026-08-25 00:01:39Z" end-time="2026-08-25 00:01:39Z" duration="0.3989092">
  <test-suite type="TestSuite" id="1000" name="SporeGobbo" fullname="SporeGobbo" runstate="Runnable" testcasecount="159" result="Passed" start-time="2026-08-25 00:01:39Z" end-time="2026-08-25 00:01:39Z" duration="0.398909" total="159" passed="159" failed="0" inconclusive="0" skipped="0" asserts="0">
    <properties>
      <property name="platform" value="EditMode" />
    </properties>
    <test-suite type="Assembly" id="1183" name="SporeGobbo.Input.EditModeTests.dll" fullname="C:/Users/ezpay/SporeGobbo/Library/ScriptAssemblies/SporeGobbo.Input.EditModeTests.dll" runstate="Runnable" testcasecount="159" result="Passed" start-time="2026-08-25 00:01:39Z" end-time="2026-08-25 00:01:39Z" duration="0.384042" total="159" passed="159" failed="0" inconclusive="0" skipped="0" asserts="0">
      <properties>
        <property name="_PID" value="33820" />
        <property name="_APPDOMAIN" value="Unity Child Domain" />
        <property name="platform" value="EditMode" />
        <property name="EditorOnly" value="True" />
      </properties>
      <test-suite type="TestFixture" id="1001" name="BuddyCommandWheelTests" fullname="BuddyCommandWheelTests" classname="BuddyCommandWheelTests" runstate="Runnable" testcasecount="19" result="Passed" start-time="2026-08-25 00:01:39Z" end-time="2026-08-25 00:01:39Z" duration="0.065971" total="19" passed="19" failed="0" inconclusive="0" skipped="0" asserts="0">
        <properties />
        <test-case id="1013" name="AngularOffsetRotatesFirstSlice" fullname="BuddyCommandWheelTests.AngularOffsetRotatesFirstSlice" methodname="AngularOffsetRotatesFirstSlice" classname="BuddyCommandWheelTests" runstate="Runnable" seed="775900507" result="Passed" start-time="2026-08-25 00:01:39Z" end-time="2026-08-25 00:01:39Z" duration="0.024152" asserts="0">
          <properties>
            <property name="retryIteration" value="0" />
            <property name="repeatIteration" value="0" />
          </properties>
        </test-case>
        <test-case id="1017" name="CancelExecutesNothingAndRequiresFreshOpenPress" fullname="BuddyCommandWheelTests.CancelExecutesNothingAndRequiresFreshOpenPress" methodname="CancelExecutesNothingAndRequiresFreshOpenPress" classname="BuddyCommandWheelTests" runstate="Runnable" seed="280036805" result="Passed" start-time="2026-08-25 00:01:39Z" end-time="2026-08-25 00:01:39Z" duration="0.001357" asserts="0">
          <properties>
            <property name="retryIteration" value="0" />
            <property name="repeatIteration" value="0" />
          </properties>
        </test-case>
        <test-suite type="ParameterizedMethod" id="1007" name="CardinalDirectionsResolveConsistently" fullname="BuddyCommandWheelTests.CardinalDirectionsResolveConsistently" classname="BuddyCommandWheelTests" runstate="Runnable" testcasecount="4" result="Passed" start-time="2026-08-25 00:01:39Z" end-time="2026-08-25 00:01:39Z" duration="0.005401" total="4" passed="4" failed="0" inconclusive="0" skipped="0" asserts="0">
          <properties />
          <test-case id="1003" name="CardinalDirectionsResolveConsistently(0.0f,1.0f,0)" fullname="BuddyCommandWheelTests.CardinalDirectionsResolveConsistently(0.0f,1.0f,0)" methodname="CardinalDirectionsResolveConsistently" classname="BuddyCommandWheelTests" runstate="Runnable" seed="1533780594" result="Passed" start-time="2026-08-25 00:01:39Z" end-time="2026-08-25 00:01:39Z" duration="0.000730" asserts="0">
            <properties>
              <property name="retryIteration" value="0" />
              <property name="repeatIteration" value="0" />
            </properties>
          </test-case>
          <test-case id="1004" name="CardinalDirectionsResolveConsistently(-1.0f,0.0f,1)" fullname="BuddyCommandWheelTests.CardinalDirectionsResolveConsistently(-1.0f,0.0f,1)" methodname="CardinalDirectionsResolveConsistently" classname="BuddyCommandWheelTests" runstate="Runnable" seed="980545810" result="Passed" start-time="2026-08-25 00:01:39Z" end-time="2026-08-25 00:01:39Z" duration="0.000129" asserts="0">
            <properties>
              <property name="retryIteration" value="0" />
              <property name="repeatIteration" value="0" />
            </properties>
          </test-case>
          <test-case id="1005" name="CardinalDirectionsResolveConsistently(0.0f,-1.0f,2)" fullname="BuddyCommandWheelTests.CardinalDirectionsResolveConsistently(0.0f,-1.0f,2)" methodname="CardinalDirectionsResolveConsistently" classname="BuddyCommandWheelTests" runstate="Runnable" seed="1925629942" result="Passed" start-time="2026-08-25 00:01:39Z" end-time="2026-08-25 00:01:39Z" duration="0.000122" asserts="0">
            <properties>
              <property name="retryIteration" value="0" />
              <property name="repeatIteration" value="0" />
            </properties>
          </test-case>
          <test-case id="1006" name="CardinalDirectionsResolveConsistently(1.0f,0.0f,3)" fullname="BuddyCommandWheelTests.CardinalDirectionsResolveConsistently(1.0f,0.0f,3)" methodname="CardinalDirectionsResolveConsistently" classname="BuddyCommandWheelTests" runstate="Runnable" seed="1401170006" result="Passed" start-time="2026-08-25 00:01:39Z" end-time="2026-08-25 00:01:39Z" duration="0.000138" asserts="0">
            <properties>
              <property name="retryIteration" value="0" />
              <property name="repeatIteration" value="0" />
            </properties>
          </test-case>
        </test-suite>
        <test-suite type="ParameterizedMethod" id="1022" name="CommandAdapterAppliesExplicitState" fullname="BuddyCommandWheelTests.CommandAdapterAppliesExplicitState" classname="BuddyCommandWheelTests" runstate="Runnable" testcasecount="4" result="Passed" start-time="2026-08-25 00:01:39Z" end-time="2026-08-25 00:01:39Z" duration="0.005179" total="4" passed="4" failed="0" inconclusive="0" skipped="0" asserts="0">
          <properties />
          <test-case id="1018" name="CommandAdapterAppliesExplicitState(Follow,True,False)" fullname="BuddyCommandWheelTests.CommandAdapterAppliesExplicitState(Follow,True,False)" methodname="CommandAdapterAppliesExplicitState" classname="BuddyCommandWheelTests" runstate="Runnable" seed="1128273203" result="Passed" start-time="2026-08-25 00:01:39Z" end-time="2026-08-25 00:01:39Z" duration="0.002811" asserts="0">
            <properties>
              <property name="retryIteration" value="0" />
              <property name="repeatIteration" value="0" />
            </properties>
          </test-case>
          <test-case id="1019" name="CommandAdapterAppliesExplicitState(Stay,False,False)" fullname="BuddyCommandWheelTests.CommandAdapterAppliesExplicitState(Stay,False,False)" methodname="CommandAdapterAppliesExplicitState" classname="BuddyCommandWheelTests" runstate="Runnable" seed="31706646" result="Passed" start-time="2026-08-25 00:01:39Z" end-time="2026-08-25 00:01:39Z" duration="0.000175" asserts="0">
            <properties>
              <property name="retryIteration" value="0" />
              <property name="repeatIteration" value="0" />
            </properties>
          </test-case>
          <test-case id="1020" name="CommandAdapterAppliesExplicitState(Aggressive,False,True)" fullname="BuddyCommandWheelTests.CommandAdapterAppliesExplicitState(Aggressive,False,True)" methodname="CommandAdapterAppliesExplicitState" classname="BuddyCommandWheelTests" runstate="Runnable" seed="1715692952" result="Passed" start-time="2026-08-25 00:01:39Z" end-time="2026-08-25 00:01:39Z" duration="0.000149" asserts="0">
            <properties>
              <property name="retryIteration" value="0" />
              <property name="repeatIteration" value="0" />
            </properties>
          </test-case>
          <test-case id="1021" name="CommandAdapterAppliesExplicitState(Passive,False,False)" fullname="BuddyCommandWheelTests.CommandAdapterAppliesExplicitState(Passive,False,False)" methodname="CommandAdapterAppliesExplicitState" classname="BuddyCommandWheelTests" runstate="Runnable" seed="170256898" result="Passed" start-time="2026-08-25 00:01:39Z" end-time="2026-08-25 00:01:39Z" duration="0.000154" asserts="0">
            <properties>
              <property name="retryIteration" value="0" />
              <property name="repeatIteration" value="0" />
            </properties>
          </test-case>
        </test-suite>
        <test-case id="1015" name="ConfirmExecutesOneSelectionAndCloses" fullname="BuddyCommandWheelTests.ConfirmExecutesOneSelectionAndCloses" methodname="ConfirmExecutesOneSelectionAndCloses" classname="BuddyCommandWheelTests" runstate="Runnable" seed="383181093" result="Passed" start-time="2026-08-25 00:01:39Z" end-time="2026-08-25 00:01:39Z" duration="0.000494" asserts="0">
          <properties>
            <property name="retryIteration" value="0" />
            <property name="repeatIteration" value="0" />
          </properties>
        </test-case>
        <test-case id="1016" name="ConfirmWithoutSelectionDoesNothingAndStaysOpen" fullname="BuddyCommandWheelTests.ConfirmWithoutSelectionDoesNothingAndStaysOpen" methodname="ConfirmWithoutSelectionDoesNothingAndStaysOpen" classname="BuddyCommandWheelTests" runstate="Runnable" seed="445603094" result="Passed" start-time="2026-08-25 00:01:39Z" end-time="2026-08-25 00:01:39Z" duration="0.000384" asserts="0">
          <properties>
            <property name="retryIteration" value="0" />
            <property name="repeatIteration" value="0" />
          </properties>
        </test-case>
        <test-case id="1002" name="DeadZoneReturnsNoSlice" fullname="BuddyCommandWheelTests.DeadZoneReturnsNoSlice" methodname="DeadZoneReturnsNoSlice" classname="BuddyCommandWheelTests" runstate="Runnable" seed="547475174" result="Passed" start-time="2026-08-25 00:01:39Z" end-time="2026-08-25 00:01:39Z" duration="0.000456" asserts="0">
          <properties>
            <property name="retryIteration" value="0" />
            <property name="repeatIteration" value="0" />
          </properties>
        </test-case>
        <test-case id="1008" name="DiagonalBoundaryIsDeterministic" fullname="BuddyCommandWheelTests.DiagonalBoundaryIsDeterministic" methodname="DiagonalBoundaryIsDeterministic" classname="BuddyCommandWheelTests" runstate="Runnable" seed="1619283252" result="Passed" start-time="2026-08-25 00:01:39Z" end-time="2026-08-25 00:01:39Z" duration="0.000361" asserts="0">
          <properties>
            <property name="retryIteration" value="0" />
            <property name="repeatIteration" value="0" />
          </properties>
        </test-case>
        <test-case id="1023" name="ReapplyingSameCommandIsSafe" fullname="BuddyCommandWheelTests.ReapplyingSameCommandIsSafe" methodname="ReapplyingSameCommandIsSafe" classname="BuddyCommandWheelTests" runstate="Runnable" seed="1312178469" result="Passed" start-time="2026-08-25 00:01:39Z" end-time="2026-08-25 00:01:39Z" duration="0.000333" asserts="0">
          <properties>
            <property name="retryIteration" value="0" />
            <property name="repeatIteration" value="0" />
          </properties>
        </test-case>
        <test-case id="1014" name="StartedOpensAndReleaseClosesWithoutExecution" fullname="BuddyCommandWheelTests.StartedOpensAndReleaseClosesWithoutExecution" methodname="StartedOpensAndReleaseClosesWithoutExecution" classname="BuddyCommandWheelTests" runstate="Runnable" seed="204254403" result="Passed" start-time="2026-08-25 00:01:39Z" end-time="2026-08-25 00:01:39Z" duration="0.000518" asserts="0">
          <properties>
            <property name="retryIteration" value="0" />
            <property name="repeatIteration" value="0" />
          </properties>
        </test-case>
        <test-suite type="ParameterizedMethod" id="1012" name="VariableCommandCountsReturnValidSlices" fullname="BuddyCommandWheelTests.VariableCommandCountsReturnValidSlices" classname="BuddyCommandWheelTests" runstate="Runnable" testcasecount="3" result="Passed" start-time="2026-08-25 00:01:39Z" end-time="2026-08-25 00:01:39Z" duration="0.002805" total="3" passed="3" failed="0" inconclusive="0" skipped="0" asserts="0">
          <properties />
          <test-case id="1009" name="VariableCommandCountsReturnValidSlices(2)" fullname="BuddyCommandWheelTests.VariableCommandCountsReturnValidSlices(2)" methodname="VariableCommandCountsReturnValidSlices" classname="BuddyCommandWheelTests" runstate="Runnable" seed="973055737" result="Passed" start-time="2026-08-25 00:01:39Z" end-time="2026-08-25 00:01:39Z" duration="0.001488" asserts="0">
            <properties>
              <property name="retryIteration" value="0" />
              <property name="repeatIteration" value="0" />
            </properties>
          </test-case>
          <test-case id="1010" name="VariableCommandCountsReturnValidSlices(3)" fullname="BuddyCommandWheelTests.VariableCommandCountsReturnValidSlices(3)" methodname="VariableCommandCountsReturnValidSlices" classname="BuddyCommandWheelTests" runstate="Runnable" seed="689027363" result="Passed" start-time="2026-08-25 00:01:39Z" end-time="2026-08-25 00:01:39Z" duration="0.000094" asserts="0">
            <properties>
              <property name="retryIteration" value="0" />
              <property name="repeatIteration" value="0" />
            </properties>
          </test-case>
          <test-case id="1011" name="VariableCommandCountsReturnValidSlices(4)" fullname="BuddyCommandWheelTests.VariableCommandCountsReturnValidSlices(4)" methodname="VariableCommandCountsReturnValidSlices" classname="BuddyCommandWheelTests" runstate="Runnable" seed="1605846185" result="Passed" start-time="2026-08-25 00:01:39Z" end-time="2026-08-25 00:01:39Z" duration="0.000070" asserts="0">
            <properties>
              <property name="retryIteration" value="0" />
              <property name="repeatIteration" value="0" />
            </properties>
          </test-case>
        </test-suite>
      </test-suite>
      <test-suite type="TestFixture" id="1024" name="CampLifecyclePolicyTests" fullname="CampLifecyclePolicyTests" classname="CampLifecyclePolicyTests" runstate="Runnable" testcasecount="60" result="Passed" start-time="2026-08-25 00:01:39Z" end-time="2026-08-25 00:01:39Z" duration="0.121947" total="60" passed="60" failed="0" inconclusive="0" skipped="0" asserts="0">
        <properties />
        <test-case id="1080" name="ActiveAndReserveCampBuddiesKeepCanonicalFormScale" fullname="CampLifecyclePolicyTests.ActiveAndReserveCampBuddiesKeepCanonicalFormScale" methodname="ActiveAndReserveCampBuddiesKeepCanonicalFormScale" classname="CampLifecyclePolicyTests" runstate="Runnable" seed="1692383348" result="Passed" start-time="2026-08-25 00:01:39Z" end-time="2026-08-25 00:01:39Z" duration="0.001137" asserts="0">
          <properties>
            <property name="retryIteration" value="0" />
            <property name="repeatIteration" value="0" />
          </properties>
        </test-case>
        <test-case id="1078" name="AllStageOnePostDigRoutesUseOnlyEstablishedOrAuthorizedCells" fullname="CampLifecyclePolicyTests.AllStageOnePostDigRoutesUseOnlyEstablishedOrAuthorizedCells" methodname="AllStageOnePostDigRoutesUseOnlyEstablishedOrAuthorizedCells" classname="CampLifecyclePolicyTests" runstate="Runnable" seed="2064096473" result="Passed" start-time="2026-08-25 00:01:39Z" end-time="2026-08-25 00:01:39Z" duration="0.033041" asserts="0">
          <properties>
            <property name="retryIteration" value="0" />
            <property name="repeatIteration" value="0" />
          </properties>
        </test-case>
        <test-case id="1086" name="ArrivalPhaseOnlyRunsForVacancyClaimsOrConstruction" fullname="CampLifecyclePolicyTests.ArrivalPhaseOnlyRunsForVacancyClaimsOrConstruction" methodname="ArrivalPhaseOnlyRunsForVacancyClaimsOrConstruction" classname="CampLifecyclePolicyTests" runstate="Runnable" seed="732302416" result="Passed" start-time="2026-08-25 00:01:39Z" end-time="2026-08-25 00:01:39Z" duration="0.000552" asserts="0">
          <properties>
            <property name="retryIteration" value="0" />
            <property name="repeatIteration" value="0" />
          </properties>
        </test-case>
        <test-case id="1065" name="AssignmentToUnestablishedSlotIsRejectedAndLeaderClaimIsReleased" fullname="CampLifecyclePolicyTests.AssignmentToUnestablishedSlotIsRejectedAndLeaderClaimIsReleased" methodname="AssignmentToUnestablishedSlotIsRejectedAndLeaderClaimIsReleased" classname="CampLifecyclePolicyTests" runstate="Runnable" seed="1242655219" result="Passed" start-time="2026-08-25 00:01:39Z" end-time="2026-08-25 00:01:39Z" duration="0.006783" asserts="0">
          <properties>
            <property name="retryIteration" value="0" />
            <property name="repeatIteration" value="0" />
          </properties>
        </test-case>
        <test-suite type="ParameterizedMethod" id="1077" name="BranchPostDigRoutesStayInsideActuallyOpenCanonicalCells" fullname="CampLifecyclePolicyTests.BranchPostDigRoutesStayInsideActuallyOpenCanonicalCells" classname="CampLifecyclePolicyTests" runstate="Runnable" testcasecount="2" result="Passed" start-time="2026-08-25 00:01:39Z" end-time="2026-08-25 00:01:39Z" duration="0.006303" total="2" passed="2" failed="0" inconclusive="0" skipped="0" asserts="0">
          <properties />
          <test-case id="1075" name="BranchPostDigRoutesStayInsideActuallyOpenCanonicalCells(3)" fullname="CampLifecyclePolicyTests.BranchPostDigRoutesStayInsideActuallyOpenCanonicalCells(3)" methodname="BranchPostDigRoutesStayInsideActuallyOpenCanonicalCells" classname="CampLifecyclePolicyTests" runstate="Runnable" seed="523029506" result="Passed" start-time="2026-08-25 00:01:39Z" end-time="2026-08-25 00:01:39Z" duration="0.002977" asserts="0">
            <properties>
              <property name="retryIteration" value="0" />
              <property name="repeatIteration" value="0" />
            </properties>
          </test-case>
          <test-case id="1076" name="BranchPostDigRoutesStayInsideActuallyOpenCanonicalCells(4)" fullname="CampLifecyclePolicyTests.BranchPostDigRoutesStayInsideActuallyOpenCanonicalCells(4)" methodname="BranchPostDigRoutesStayInsideActuallyOpenCanonicalCells" classname="CampLifecyclePolicyTests" runstate="Runnable" seed="1993976057" result="Passed" start-time="2026-08-25 00:01:39Z" end-time="2026-08-25 00:01:39Z" duration="0.002140" asserts="0">
            <properties>
              <property name="retryIteration" value="0" />
              <property name="repeatIteration" value="0" />
            </properties>
          </test-case>
        </test-suite>
        <test-case id="1052" name="BuddyDigRadiusCreatesPassableThreeCellCrossSection" fullname="CampLifecyclePolicyTests.BuddyDigRadiusCreatesPassableThreeCellCrossSection" methodname="BuddyDigRadiusCreatesPassableThreeCellCrossSection" classname="CampLifecyclePolicyTests" runstate="Runnable" seed="250172287" result="Passed" start-time="2026-08-25 00:01:39Z" end-time="2026-08-25 00:01:39Z" duration="0.005475" asserts="0">
          <properties>
            <property name="retryIteration" value="0" />
            <property name="repeatIteration" value="0" />
          </properties>
        </test-case>
        <test-case id="1055" name="ConnectedPocketTargetsRemainWithinGenericBuddyDigReach" fullname="CampLifecyclePolicyTests.ConnectedPocketTargetsRemainWithinGenericBuddyDigReach" methodname="ConnectedPocketTargetsRemainWithinGenericBuddyDigReach" classname="CampLifecyclePolicyTests" runstate="Runnable" seed="1794764215" result="Passed" start-time="2026-08-25 00:01:39Z" end-time="2026-08-25 00:01:39Z" duration="0.000755" asserts="0">
          <properties>
            <property name="retryIteration" value="0" />
            <property name="repeatIteration" value="0" />
          </properties>
        </test-case>
        <test-case id="1066" name="ConstructionCannotCommitWithoutSuccessfulDirtRemovalAndOpenFootprint" fullname="CampLifecyclePolicyTests.ConstructionCannotCommitWithoutSuccessfulDirtRemovalAndOpenFootprint" methodname="ConstructionCannotCommitWithoutSuccessfulDirtRemovalAndOpenFootprint" classname="CampLifecyclePolicyTests" runstate="Runnable" seed="1324223922" result="Passed" start-time="2026-08-25 00:01:39Z" end-time="2026-08-25 00:01:39Z" duration="0.000325" asserts="0">
          <properties>
            <property name="retryIteration" value="0" />
            <property name="repeatIteration" value="0" />
          </properties>
        </test-case>
        <test-case id="1084" name="ConstructionEdgeArrivalAccountsForBodyClearanceWithoutRelaxingNormalWaypoints" fullname="CampLifecyclePolicyTests.ConstructionEdgeArrivalAccountsForBodyClearanceWithoutRelaxingNormalWaypoints" methodname="ConstructionEdgeArrivalAccountsForBodyClearanceWithoutRelaxingNormalWaypoints" classname="CampLifecyclePolicyTests" runstate="Runnable" seed="1687317023" result="Passed" start-time="2026-08-25 00:01:39Z" end-time="2026-08-25 00:01:39Z" duration="0.000614" asserts="0">
          <properties>
            <property name="retryIteration" value="0" />
            <property name="repeatIteration" value="0" />
          </properties>
        </test-case>
        <test-case id="1048" name="ContinuingLineageWithRecordedDeathEstablishesMemorialOnce" fullname="CampLifecyclePolicyTests.ContinuingLineageWithRecordedDeathEstablishesMemorialOnce" methodname="ContinuingLineageWithRecordedDeathEstablishesMemorialOnce" classname="CampLifecyclePolicyTests" runstate="Runnable" seed="1643980867" result="Passed" start-time="2026-08-25 00:01:39Z" end-time="2026-08-25 00:01:39Z" duration="0.000220" asserts="0">
          <properties>
            <property name="retryIteration" value="0" />
            <property name="repeatIteration" value="0" />
          </properties>
        </test-case>
        <test-case id="1063" name="DeadBuddyDoesNotOccupyOrReduceEstablishedCapacity" fullname="CampLifecyclePolicyTests.DeadBuddyDoesNotOccupyOrReduceEstablishedCapacity" methodname="DeadBuddyDoesNotOccupyOrReduceEstablishedCapacity" classname="CampLifecyclePolicyTests" runstate="Runnable" seed="1234766482" result="Passed" start-time="2026-08-25 00:01:39Z" end-time="2026-08-25 00:01:39Z" duration="0.000470" asserts="0">
          <properties>
            <property name="retryIteration" value="0" />
            <property name="repeatIteration" value="0" />
          </properties>
        </test-case>
        <test-case id="1056" name="DigAuthorityProtectsPermanentAndResidentialTerrain" fullname="CampLifecyclePolicyTests.DigAuthorityProtectsPermanentAndResidentialTerrain" methodname="DigAuthorityProtectsPermanentAndResidentialTerrain" classname="CampLifecyclePolicyTests" runstate="Runnable" seed="1671096779" result="Passed" start-time="2026-08-25 00:01:39Z" end-time="2026-08-25 00:01:39Z" duration="0.000271" asserts="0">
          <properties>
            <property name="retryIteration" value="0" />
            <property name="repeatIteration" value="0" />
          </properties>
        </test-case>
        <test-case id="1083" name="DirectedWalkTimeoutUsesTheSameEffectiveSpeedAsMovement" fullname="CampLifecyclePolicyTests.DirectedWalkTimeoutUsesTheSameEffectiveSpeedAsMovement" methodname="DirectedWalkTimeoutUsesTheSameEffectiveSpeedAsMovement" classname="CampLifecyclePolicyTests" runstate="Runnable" seed="1589115331" result="Passed" start-time="2026-08-25 00:01:39Z" end-time="2026-08-25 00:01:39Z" duration="0.000326" asserts="0">
          <properties>
            <property name="retryIteration" value="0" />
            <property name="repeatIteration" value="0" />
          </properties>
        </test-case>
        <test-case id="1064" name="DuplicateAndInvalidAssignmentsRepairDeterministically" fullname="CampLifecyclePolicyTests.DuplicateAndInvalidAssignmentsRepairDeterministically" methodname="DuplicateAndInvalidAssignmentsRepairDeterministically" classname="CampLifecyclePolicyTests" runstate="Runnable" seed="219918280" result="Passed" start-time="2026-08-25 00:01:39Z" end-time="2026-08-25 00:01:39Z" duration="0.000315" asserts="0">
          <properties>
            <property name="retryIteration" value="0" />
            <property name="repeatIteration" value="0" />
          </properties>
        </test-case>
        <test-case id="1081" name="EqualSavedStatsProduceEqualActiveAndReserveCampSpeed" fullname="CampLifecyclePolicyTests.EqualSavedStatsProduceEqualActiveAndReserveCampSpeed" methodname="EqualSavedStatsProduceEqualActiveAndReserveCampSpeed" classname="CampLifecyclePolicyTests" runstate="Runnable" seed="319776290" result="Passed" start-time="2026-08-25 00:01:39Z" end-time="2026-08-25 00:01:39Z" duration="0.000259" asserts="0">
          <properties>
            <property name="retryIteration" value="0" />
            <property name="repeatIteration" value="0" />
          </properties>
        </test-case>
        <test-case id="1071" name="EveryConstructionWaypointIsOpenBeforeItsTargetSlotDigs" fullname="CampLifecyclePolicyTests.EveryConstructionWaypointIsOpenBeforeItsTargetSlotDigs" methodname="EveryConstructionWaypointIsOpenBeforeItsTargetSlotDigs" classname="CampLifecyclePolicyTests" runstate="Runnable" seed="1575475127" result="Passed" start-time="2026-08-25 00:01:39Z" end-time="2026-08-25 00:01:39Z" duration="0.011071" asserts="0">
          <properties>
            <property name="retryIteration" value="0" />
            <property name="repeatIteration" value="0" />
          </properties>
        </test-case>
        <test-case id="1054" name="EveryStageOnePocketHasSmallClearanceValidRouteToItsRestCenter" fullname="CampLifecyclePolicyTests.EveryStageOnePocketHasSmallClearanceValidRouteToItsRestCenter" methodname="EveryStageOnePocketHasSmallClearanceValidRouteToItsRestCenter" classname="CampLifecyclePolicyTests" runstate="Runnable" seed="124489121" result="Passed" start-time="2026-08-25 00:01:39Z" end-time="2026-08-25 00:01:39Z" duration="0.004428" asserts="0">
          <properties>
            <property name="retryIteration" value="0" />
            <property name="repeatIteration" value="0" />
          </properties>
        </test-case>
        <test-case id="1072" name="EveryTargetFootprintConnectsToItsEstablishedApproach" fullname="CampLifecyclePolicyTests.EveryTargetFootprintConnectsToItsEstablishedApproach" methodname="EveryTargetFootprintConnectsToItsEstablishedApproach" classname="CampLifecyclePolicyTests" runstate="Runnable" seed="733208343" result="Passed" start-time="2026-08-25 00:01:39Z" end-time="2026-08-25 00:01:39Z" duration="0.002285" asserts="0">
          <properties>
            <property name="retryIteration" value="0" />
            <property name="repeatIteration" value="0" />
          </properties>
        </test-case>
        <test-case id="1033" name="ExitFootprintCentersOnAuthoritativeCell" fullname="CampLifecyclePolicyTests.ExitFootprintCentersOnAuthoritativeCell" methodname="ExitFootprintCentersOnAuthoritativeCell" classname="CampLifecyclePolicyTests" runstate="Runnable" seed="1971082248" result="Passed" start-time="2026-08-25 00:01:39Z" end-time="2026-08-25 00:01:39Z" duration="0.000333" asserts="0">
          <properties>
            <property name="retryIteration" value="0" />
            <property name="repeatIteration" value="0" />
          </properties>
        </test-case>
        <test-case id="1073" name="FailedConstructionIsNotPresentedAsACompletedMilestone" fullname="CampLifecyclePolicyTests.FailedConstructionIsNotPresentedAsACompletedMilestone" methodname="FailedConstructionIsNotPresentedAsACompletedMilestone" classname="CampLifecyclePolicyTests" runstate="Runnable" seed="571761569" result="Passed" start-time="2026-08-25 00:01:39Z" end-time="2026-08-25 00:01:39Z" duration="0.000249" asserts="0">
          <properties>
            <property name="retryIteration" value="0" />
            <property name="repeatIteration" value="0" />
          </properties>
        </test-case>
        <test-case id="1079" name="FinalAdvanceIsRequiredBeforeResidentialCommit" fullname="CampLifecyclePolicyTests.FinalAdvanceIsRequiredBeforeResidentialCommit" methodname="FinalAdvanceIsRequiredBeforeResidentialCommit" classname="CampLifecyclePolicyTests" runstate="Runnable" seed="1076304051" result="Passed" start-time="2026-08-25 00:01:39Z" end-time="2026-08-25 00:01:39Z" duration="0.000305" asserts="0">
          <properties>
            <property name="retryIteration" value="0" />
            <property name="repeatIteration" value="0" />
          </properties>
        </test-case>
        <test-case id="1060" name="FireSocialDestinationMustBeOpenFloor" fullname="CampLifecyclePolicyTests.FireSocialDestinationMustBeOpenFloor" methodname="FireSocialDestinationMustBeOpenFloor" classname="CampLifecyclePolicyTests" runstate="Runnable" seed="1238573185" result="Passed" start-time="2026-08-25 00:01:39Z" end-time="2026-08-25 00:01:39Z" duration="0.000305" asserts="0">
          <properties>
            <property name="retryIteration" value="0" />
            <property name="repeatIteration" value="0" />
          </properties>
        </test-case>
        <test-case id="1061" name="FirstAndSecondBuddyRequireConstructionOnlyBeyondEstablishedCapacity" fullname="CampLifecyclePolicyTests.FirstAndSecondBuddyRequireConstructionOnlyBeyondEstablishedCapacity" methodname="FirstAndSecondBuddyRequireConstructionOnlyBeyondEstablishedCapacity" classname="CampLifecyclePolicyTests" runstate="Runnable" seed="297929853" result="Passed" start-time="2026-08-25 00:01:39Z" end-time="2026-08-25 00:01:39Z" duration="0.000772" asserts="0">
          <properties>
            <property name="retryIteration" value="0" />
            <property name="repeatIteration" value="0" />
          </properties>
        </test-case>
        <test-case id="1032" name="FirstArrivalTerrainOnlyAppliesToIntro" fullname="CampLifecyclePolicyTests.FirstArrivalTerrainOnlyAppliesToIntro" methodname="FirstArrivalTerrainOnlyAppliesToIntro" classname="CampLifecyclePolicyTests" runstate="Runnable" seed="562711400" result="Passed" start-time="2026-08-25 00:01:39Z" end-time="2026-08-25 00:01:39Z" duration="0.000190" asserts="0">
          <properties>
            <property name="retryIteration" value="0" />
            <property name="repeatIteration" value="0" />
          </properties>
        </test-case>
        <test-case id="1057" name="FirstBuddyEstablishesOnlyFirstSmallSlot" fullname="CampLifecyclePolicyTests.FirstBuddyEstablishesOnlyFirstSmallSlot" methodname="FirstBuddyEstablishesOnlyFirstSmallSlot" classname="CampLifecyclePolicyTests" runstate="Runnable" seed="328547229" result="Passed" start-time="2026-08-25 00:01:39Z" end-time="2026-08-25 00:01:39Z" duration="0.000773" asserts="0">
          <properties>
            <property name="retryIteration" value="0" />
            <property name="repeatIteration" value="0" />
          </properties>
        </test-case>
        <test-case id="1045" name="HomeMilestoneRequiresFirstValidBuddyAndDoesNotReplay" fullname="CampLifecyclePolicyTests.HomeMilestoneRequiresFirstValidBuddyAndDoesNotReplay" methodname="HomeMilestoneRequiresFirstValidBuddyAndDoesNotReplay" classname="CampLifecyclePolicyTests" runstate="Runnable" seed="216148996" result="Passed" start-time="2026-08-25 00:01:39Z" end-time="2026-08-25 00:01:39Z" duration="0.000331" asserts="0">
          <properties>
            <property name="retryIteration" value="0" />
            <property name="repeatIteration" value="0" />
          </properties>
        </test-case>
        <test-suite type="ParameterizedMethod" id="1031" name="InvalidRecordsDoNotQualify" fullname="CampLifecyclePolicyTests.InvalidRecordsDoNotQualify" classname="CampLifecyclePolicyTests" runstate="Runnable" testcasecount="4" result="Passed" start-time="2026-08-25 00:01:39Z" end-time="2026-08-25 00:01:39Z" duration="0.002274" total="4" passed="4" failed="0" inconclusive="0" skipped="0" asserts="0">
          <properties />
          <test-case id="1027" name="InvalidRecordsDoNotQualify(&quot;&quot;,False,3,False)" fullname="CampLifecyclePolicyTests.InvalidRecordsDoNotQualify(&quot;&quot;,False,3,False)" methodname="InvalidRecordsDoNotQualify" classname="CampLifecyclePolicyTests" runstate="Runnable" seed="1416030196" result="Passed" start-time="2026-08-25 00:01:39Z" end-time="2026-08-25 00:01:39Z" duration="0.000396" asserts="0">
            <properties>
              <property name="retryIteration" value="0" />
              <property name="repeatIteration" value="0" />
            </properties>
          </test-case>
          <test-case id="1028" name="InvalidRecordsDoNotQualify(&quot;buddy&quot;,True,3,False)" fullname="CampLifecyclePolicyTests.InvalidRecordsDoNotQualify(&quot;buddy&quot;,True,3,False)" methodname="InvalidRecordsDoNotQualify" classname="CampLifecyclePolicyTests" runstate="Runnable" seed="1902816317" result="Passed" start-time="2026-08-25 00:01:39Z" end-time="2026-08-25 00:01:39Z" duration="0.000151" asserts="0">
            <properties>
              <property name="retryIteration" value="0" />
              <property name="repeatIteration" value="0" />
            </properties>
          </test-case>
          <test-case id="1029" name="InvalidRecordsDoNotQualify(&quot;buddy&quot;,False,0,False)" fullname="CampLifecyclePolicyTests.InvalidRecordsDoNotQualify(&quot;buddy&quot;,False,0,False)" methodname="InvalidRecordsDoNotQualify" classname="CampLifecyclePolicyTests" runstate="Runnable" seed="1434864823" result="Passed" start-time="2026-08-25 00:01:39Z" end-time="2026-08-25 00:01:39Z" duration="0.000144" asserts="0">
            <properties>
              <property name="retryIteration" value="0" />
              <property name="repeatIteration" value="0" />
            </properties>
          </test-case>
          <test-case id="1030" name="InvalidRecordsDoNotQualify(&quot;buddy&quot;,False,3,True)" fullname="CampLifecyclePolicyTests.InvalidRecordsDoNotQualify(&quot;buddy&quot;,False,3,True)" methodname="InvalidRecordsDoNotQualify" classname="CampLifecyclePolicyTests" runstate="Runnable" seed="1434158099" result="Passed" start-time="2026-08-25 00:01:39Z" end-time="2026-08-25 00:01:39Z" duration="0.000160" asserts="0">
            <properties>
              <property name="retryIteration" value="0" />
              <property name="repeatIteration" value="0" />
            </properties>
          </test-case>
        </test-suite>
        <test-case id="1026" name="LeaderDeathWithoutSurvivorEndsInGameOver" fullname="CampLifecyclePolicyTests.LeaderDeathWithoutSurvivorEndsInGameOver" methodname="LeaderDeathWithoutSurvivorEndsInGameOver" classname="CampLifecyclePolicyTests" runstate="Runnable" seed="872176780" result="Passed" start-time="2026-08-25 00:01:39Z" end-time="2026-08-25 00:01:39Z" duration="0.000483" asserts="0">
          <properties>
            <property name="retryIteration" value="0" />
            <property name="repeatIteration" value="0" />
          </properties>
        </test-case>
        <test-case id="1025" name="LeaderDeathWithSurvivorContinuesThroughSuccession" fullname="CampLifecyclePolicyTests.LeaderDeathWithSurvivorContinuesThroughSuccession" methodname="LeaderDeathWithSurvivorContinuesThroughSuccession" classname="CampLifecyclePolicyTests" runstate="Runnable" seed="370141274" result="Passed" start-time="2026-08-25 00:01:39Z" end-time="2026-08-25 00:01:39Z" duration="0.000278" asserts="0">
          <properties>
            <property name="retryIteration" value="0" />
            <property name="repeatIteration" value="0" />
          </properties>
        </test-case>
        <test-case id="1082" name="LegitimateSavedSpeedDifferenceIsPreservedWithoutParticipationPenalty" fullname="CampLifecyclePolicyTests.LegitimateSavedSpeedDifferenceIsPreservedWithoutParticipationPenalty" methodname="LegitimateSavedSpeedDifferenceIsPreservedWithoutParticipationPenalty" classname="CampLifecyclePolicyTests" runstate="Runnable" seed="1293072246" result="Passed" start-time="2026-08-25 00:01:39Z" end-time="2026-08-25 00:01:39Z" duration="0.000382" asserts="0">
          <properties>
            <property name="retryIteration" value="0" />
            <property name="repeatIteration" value="0" />
          </properties>
        </test-case>
        <test-case id="1051" name="LockedResidentialStagesAndEntranceBuildAsRealDirt" fullname="CampLifecyclePolicyTests.LockedResidentialStagesAndEntranceBuildAsRealDirt" methodname="LockedResidentialStagesAndEntranceBuildAsRealDirt" classname="CampLifecyclePolicyTests" runstate="Runnable" seed="549671581" result="Passed" start-time="2026-08-25 00:01:39Z" end-time="2026-08-25 00:01:39Z" duration="0.000424" asserts="0">
          <properties>
            <property name="retryIteration" value="0" />
            <property name="repeatIteration" value="0" />
          </properties>
        </test-case>
        <test-case id="1059" name="MarkersAndRestPointsExistOnlyForEstablishedSlots" fullname="CampLifecyclePolicyTests.MarkersAndRestPointsExistOnlyForEstablishedSlots" methodname="MarkersAndRestPointsExistOnlyForEstablishedSlots" classname="CampLifecyclePolicyTests" runstate="Runnable" seed="1478978375" result="Passed" start-time="2026-08-25 00:01:39Z" end-time="2026-08-25 00:01:39Z" duration="0.000313" asserts="0">
          <properties>
            <property name="retryIteration" value="0" />
            <property name="repeatIteration" value="0" />
          </properties>
        </test-case>
        <test-case id="1087" name="OnlyActiveSquadUsesPlayerArrivalSpawn" fullname="CampLifecyclePolicyTests.OnlyActiveSquadUsesPlayerArrivalSpawn" methodname="OnlyActiveSquadUsesPlayerArrivalSpawn" classname="CampLifecyclePolicyTests" runstate="Runnable" seed="424217799" result="Passed" start-time="2026-08-25 00:01:39Z" end-time="2026-08-25 00:01:39Z" duration="0.000229" asserts="0">
          <properties>
            <property name="retryIteration" value="0" />
            <property name="repeatIteration" value="0" />
          </properties>
        </test-case>
        <test-case id="1046" name="OnlyNextResidentialStageCanBeProgressionExcavated" fullname="CampLifecyclePolicyTests.OnlyNextResidentialStageCanBeProgressionExcavated" methodname="OnlyNextResidentialStageCanBeProgressionExcavated" classname="CampLifecyclePolicyTests" runstate="Runnable" seed="673474806" result="Passed" start-time="2026-08-25 00:01:39Z" end-time="2026-08-25 00:01:39Z" duration="0.000394" asserts="0">
          <properties>
            <property name="retryIteration" value="0" />
            <property name="repeatIteration" value="0" />
          </properties>
        </test-case>
        <test-case id="1041" name="PermanentProtectionWinsOverOtherCategories" fullname="CampLifecyclePolicyTests.PermanentProtectionWinsOverOtherCategories" methodname="PermanentProtectionWinsOverOtherCategories" classname="CampLifecyclePolicyTests" runstate="Runnable" seed="1195419634" result="Passed" start-time="2026-08-25 00:01:39Z" end-time="2026-08-25 00:01:39Z" duration="0.001838" asserts="0">
          <properties>
            <property name="retryIteration" value="0" />
            <property name="repeatIteration" value="0" />
          </properties>
        </test-case>
        <test-suite type="ParameterizedMethod" id="1040" name="PermanentZonesAreNeverDiggable" fullname="CampLifecyclePolicyTests.PermanentZonesAreNeverDiggable" classname="CampLifecyclePolicyTests" runstate="Runnable" testcasecount="6" result="Passed" start-time="2026-08-25 00:01:39Z" end-time="2026-08-25 00:01:39Z" duration="0.003146" total="6" passed="6" failed="0" inconclusive="0" skipped="0" asserts="0">
          <properties />
          <test-case id="1034" name="PermanentZonesAreNeverDiggable(HomeCore)" fullname="CampLifecyclePolicyTests.PermanentZonesAreNeverDiggable(HomeCore)" methodname="PermanentZonesAreNeverDiggable" classname="CampLifecyclePolicyTests" runstate="Runnable" seed="1684299853" result="Passed" start-time="2026-08-25 00:01:39Z" end-time="2026-08-25 00:01:39Z" duration="0.000303" asserts="0">
            <properties>
              <property name="retryIteration" value="0" />
              <property name="repeatIteration" value="0" />
            </properties>
          </test-case>
          <test-case id="1035" name="PermanentZonesAreNeverDiggable(PermanentExit)" fullname="CampLifecyclePolicyTests.PermanentZonesAreNeverDiggable(PermanentExit)" methodname="PermanentZonesAreNeverDiggable" classname="CampLifecyclePolicyTests" runstate="Runnable" seed="1279654093" result="Passed" start-time="2026-08-25 00:01:39Z" end-time="2026-08-25 00:01:39Z" duration="0.000184" asserts="0">
            <properties>
              <property name="retryIteration" value="0" />
              <property name="repeatIteration" value="0" />
            </properties>
          </test-case>
          <test-case id="1036" name="PermanentZonesAreNeverDiggable(PermanentMemorial)" fullname="CampLifecyclePolicyTests.PermanentZonesAreNeverDiggable(PermanentMemorial)" methodname="PermanentZonesAreNeverDiggable" classname="CampLifecyclePolicyTests" runstate="Runnable" seed="9720989" result="Passed" start-time="2026-08-25 00:01:39Z" end-time="2026-08-25 00:01:39Z" duration="0.000238" asserts="0">
            <properties>
              <property name="retryIteration" value="0" />
              <property name="repeatIteration" value="0" />
            </properties>
          </test-case>
          <test-case id="1037" name="PermanentZonesAreNeverDiggable(IntroArrivalClearance)" fullname="CampLifecyclePolicyTests.PermanentZonesAreNeverDiggable(IntroArrivalClearance)" methodname="PermanentZonesAreNeverDiggable" classname="CampLifecyclePolicyTests" runstate="Runnable" seed="280561923" result="Passed" start-time="2026-08-25 00:01:39Z" end-time="2026-08-25 00:01:39Z" duration="0.000157" asserts="0">
            <properties>
              <property name="retryIteration" value="0" />
              <property name="repeatIteration" value="0" />
            </properties>
          </test-case>
          <test-case id="1038" name="PermanentZonesAreNeverDiggable(NormalArrivalClearance)" fullname="CampLifecyclePolicyTests.PermanentZonesAreNeverDiggable(NormalArrivalClearance)" methodname="PermanentZonesAreNeverDiggable" classname="CampLifecyclePolicyTests" runstate="Runnable" seed="1810956626" result="Passed" start-time="2026-08-25 00:01:39Z" end-time="2026-08-25 00:01:39Z" duration="0.000140" asserts="0">
            <properties>
              <property name="retryIteration" value="0" />
              <property name="repeatIteration" value="0" />
            </properties>
          </test-case>
          <test-case id="1039" name="PermanentZonesAreNeverDiggable(CirculationClearance)" fullname="CampLifecyclePolicyTests.PermanentZonesAreNeverDiggable(CirculationClearance)" methodname="PermanentZonesAreNeverDiggable" classname="CampLifecyclePolicyTests" runstate="Runnable" seed="156305760" result="Passed" start-time="2026-08-25 00:01:39Z" end-time="2026-08-25 00:01:39Z" duration="0.000171" asserts="0">
            <properties>
              <property name="retryIteration" value="0" />
              <property name="repeatIteration" value="0" />
            </properties>
          </test-case>
        </test-suite>
        <test-case id="1050" name="PromotedSuccessorMustBeAValidLivingLeader" fullname="CampLifecyclePolicyTests.PromotedSuccessorMustBeAValidLivingLeader" methodname="PromotedSuccessorMustBeAValidLivingLeader" classname="CampLifecyclePolicyTests" runstate="Runnable" seed="863256736" result="Passed" start-time="2026-08-25 00:01:39Z" end-time="2026-08-25 00:01:39Z" duration="0.000340" asserts="0">
          <properties>
            <property name="retryIteration" value="0" />
            <property name="repeatIteration" value="0" />
          </properties>
        </test-case>
        <test-case id="1058" name="ReloadFootprintContainsExactlyEstablishedSlots" fullname="CampLifecyclePolicyTests.ReloadFootprintContainsExactlyEstablishedSlots" methodname="ReloadFootprintContainsExactlyEstablishedSlots" classname="CampLifecyclePolicyTests" runstate="Runnable" seed="622231465" result="Passed" start-time="2026-08-25 00:01:39Z" end-time="2026-08-25 00:01:39Z" duration="0.002734" asserts="0">
          <properties>
            <property name="retryIteration" value="0" />
            <property name="repeatIteration" value="0" />
          </properties>
        </test-case>
        <test-case id="1042" name="ResidentialAndCollapseHaveDistinctDigCategories" fullname="CampLifecyclePolicyTests.ResidentialAndCollapseHaveDistinctDigCategories" methodname="ResidentialAndCollapseHaveDistinctDigCategories" classname="CampLifecyclePolicyTests" runstate="Runnable" seed="2050302866" result="Passed" start-time="2026-08-25 00:01:39Z" end-time="2026-08-25 00:01:39Z" duration="0.000395" asserts="0">
          <properties>
            <property name="retryIteration" value="0" />
            <property name="repeatIteration" value="0" />
          </properties>
        </test-case>
        <test-case id="1067" name="ResidentialAuthorizationRequiresStageOneAndExactExpectedSlotFootprint" fullname="CampLifecyclePolicyTests.ResidentialAuthorizationRequiresStageOneAndExactExpectedSlotFootprint" methodname="ResidentialAuthorizationRequiresStageOneAndExactExpectedSlotFootprint" classname="CampLifecyclePolicyTests" runstate="Runnable" seed="1882953537" result="Passed" start-time="2026-08-25 00:01:39Z" end-time="2026-08-25 00:01:39Z" duration="0.000459" asserts="0">
          <properties>
            <property name="retryIteration" value="0" />
            <property name="repeatIteration" value="0" />
          </properties>
        </test-case>
        <test-case id="1047" name="ResidentialProtectionRemainsAfterCompletion" fullname="CampLifecyclePolicyTests.ResidentialProtectionRemainsAfterCompletion" methodname="ResidentialProtectionRemainsAfterCompletion" classname="CampLifecyclePolicyTests" runstate="Runnable" seed="415846187" result="Passed" start-time="2026-08-25 00:01:39Z" end-time="2026-08-25 00:01:39Z" duration="0.000430" asserts="0">
          <properties>
            <property name="retryIteration" value="0" />
            <property name="repeatIteration" value="0" />
          </properties>
        </test-case>
        <test-case id="1043" name="ResidentialStagesMustBeSequentiallyConnected" fullname="CampLifecyclePolicyTests.ResidentialStagesMustBeSequentiallyConnected" methodname="ResidentialStagesMustBeSequentiallyConnected" classname="CampLifecyclePolicyTests" runstate="Runnable" seed="1627304296" result="Passed" start-time="2026-08-25 00:01:39Z" end-time="2026-08-25 00:01:39Z" duration="0.001975" asserts="0">
          <properties>
            <property name="retryIteration" value="0" />
            <property name="repeatIteration" value="0" />
          </properties>
        </test-case>
        <test-case id="1085" name="SemanticActivityPointsRespectPersonalResidentialOwnership" fullname="CampLifecyclePolicyTests.SemanticActivityPointsRespectPersonalResidentialOwnership" methodname="SemanticActivityPointsRespectPersonalResidentialOwnership" classname="CampLifecyclePolicyTests" runstate="Runnable" seed="135390527" result="Passed" start-time="2026-08-25 00:01:39Z" end-time="2026-08-25 00:01:39Z" duration="0.000432" asserts="0">
          <properties>
            <property name="retryIteration" value="0" />
            <property name="repeatIteration" value="0" />
          </properties>
        </test-case>
        <test-case id="1068" name="SlotOneRadiusIntersectsRealCanonicalTunnelAndSlotTwoUsesSamePolicy" fullname="CampLifecyclePolicyTests.SlotOneRadiusIntersectsRealCanonicalTunnelAndSlotTwoUsesSamePolicy" methodname="SlotOneRadiusIntersectsRealCanonicalTunnelAndSlotTwoUsesSamePolicy" classname="CampLifecyclePolicyTests" runstate="Runnable" seed="208391303" result="Passed" start-time="2026-08-25 00:01:39Z" end-time="2026-08-25 00:01:39Z" duration="0.001798" asserts="0">
          <properties>
            <property name="retryIteration" value="0" />
            <property name="repeatIteration" value="0" />
          </properties>
        </test-case>
        <test-case id="1069" name="SlotOneTunnelIsContinuouslyThreeCellsHighForBuddyClearance" fullname="CampLifecyclePolicyTests.SlotOneTunnelIsContinuouslyThreeCellsHighForBuddyClearance" methodname="SlotOneTunnelIsContinuouslyThreeCellsHighForBuddyClearance" classname="CampLifecyclePolicyTests" runstate="Runnable" seed="460055779" result="Passed" start-time="2026-08-25 00:01:39Z" end-time="2026-08-25 00:01:39Z" duration="0.003409" asserts="0">
          <properties>
            <property name="retryIteration" value="0" />
            <property name="repeatIteration" value="0" />
          </properties>
        </test-case>
        <test-case id="1053" name="SlotTwoConnectorAndCenterHaveBodyClearanceAfterAuthorizedExcavation" fullname="CampLifecyclePolicyTests.SlotTwoConnectorAndCenterHaveBodyClearanceAfterAuthorizedExcavation" methodname="SlotTwoConnectorAndCenterHaveBodyClearanceAfterAuthorizedExcavation" classname="CampLifecyclePolicyTests" runstate="Runnable" seed="672809597" result="Passed" start-time="2026-08-25 00:01:39Z" end-time="2026-08-25 00:01:39Z" duration="0.000530" asserts="0">
          <properties>
            <property name="retryIteration" value="0" />
            <property name="repeatIteration" value="0" />
          </properties>
        </test-case>
        <test-case id="1074" name="SlotTwoPostDigRouteUsesOpenConnectorCellsBeforeCenter" fullname="CampLifecyclePolicyTests.SlotTwoPostDigRouteUsesOpenConnectorCellsBeforeCenter" methodname="SlotTwoPostDigRouteUsesOpenConnectorCellsBeforeCenter" classname="CampLifecyclePolicyTests" runstate="Runnable" seed="199477615" result="Passed" start-time="2026-08-25 00:01:39Z" end-time="2026-08-25 00:01:39Z" duration="0.002516" asserts="0">
          <properties>
            <property name="retryIteration" value="0" />
            <property name="repeatIteration" value="0" />
          </properties>
        </test-case>
        <test-case id="1070" name="StageOneConstructionRoutesFollowCanonicalDependencies" fullname="CampLifecyclePolicyTests.StageOneConstructionRoutesFollowCanonicalDependencies" methodname="StageOneConstructionRoutesFollowCanonicalDependencies" classname="CampLifecyclePolicyTests" runstate="Runnable" seed="1166682927" result="Passed" start-time="2026-08-25 00:01:39Z" end-time="2026-08-25 00:01:39Z" duration="0.001247" asserts="0">
          <properties>
            <property name="retryIteration" value="0" />
            <property name="repeatIteration" value="0" />
          </properties>
        </test-case>
        <test-case id="1049" name="TerminalOrUnrecordedDeathCannotEstablishMemorial" fullname="CampLifecyclePolicyTests.TerminalOrUnrecordedDeathCannotEstablishMemorial" methodname="TerminalOrUnrecordedDeathCannotEstablishMemorial" classname="CampLifecyclePolicyTests" runstate="Runnable" seed="1390935378" result="Passed" start-time="2026-08-25 00:01:39Z" end-time="2026-08-25 00:01:39Z" duration="0.000297" asserts="0">
          <properties>
            <property name="retryIteration" value="0" />
            <property name="repeatIteration" value="0" />
          </properties>
        </test-case>
        <test-case id="1062" name="ValidAssignmentsSurviveAndVacantCapacityIsReusedBeforeConstruction" fullname="CampLifecyclePolicyTests.ValidAssignmentsSurviveAndVacantCapacityIsReusedBeforeConstruction" methodname="ValidAssignmentsSurviveAndVacantCapacityIsReusedBeforeConstruction" classname="CampLifecyclePolicyTests" runstate="Runnable" seed="893302054" result="Passed" start-time="2026-08-25 00:01:39Z" end-time="2026-08-25 00:01:39Z" duration="0.000751" asserts="0">
          <properties>
            <property name="retryIteration" value="0" />
            <property name="repeatIteration" value="0" />
          </properties>
        </test-case>
        <test-case id="1044" name="ValidationRejectsResidentialOverlapWithPermanentStructure" fullname="CampLifecyclePolicyTests.ValidationRejectsResidentialOverlapWithPermanentStructure" methodname="ValidationRejectsResidentialOverlapWithPermanentStructure" classname="CampLifecyclePolicyTests" runstate="Runnable" seed="169642179" result="Passed" start-time="2026-08-25 00:01:39Z" end-time="2026-08-25 00:01:39Z" duration="0.002045" asserts="0">
          <properties>
            <property name="retryIteration" value="0" />
            <property name="repeatIteration" value="0" />
          </properties>
        </test-case>
      </test-suite>
      <test-suite type="TestFixture" id="1088" name="InteractionSelectionMathTests" fullname="InteractionSelectionMathTests" classname="InteractionSelectionMathTests" runstate="Runnable" testcasecount="8" result="Passed" start-time="2026-08-25 00:01:39Z" end-time="2026-08-25 00:01:39Z" duration="0.008007" total="8" passed="8" failed="0" inconclusive="0" skipped="0" asserts="0">
        <properties />
        <test-case id="1093" name="CurrentCandidateSurvivesTinyDistanceChanges" fullname="InteractionSelectionMathTests.CurrentCandidateSurvivesTinyDistanceChanges" methodname="CurrentCandidateSurvivesTinyDistanceChanges" classname="InteractionSelectionMathTests" runstate="Runnable" seed="861237592" result="Passed" start-time="2026-08-25 00:01:39Z" end-time="2026-08-25 00:01:39Z" duration="0.002519" asserts="0">
          <properties>
            <property name="retryIteration" value="0" />
            <property name="repeatIteration" value="0" />
          </properties>
        </test-case>
        <test-case id="1096" name="EmptyCandidatesReturnNone" fullname="InteractionSelectionMathTests.EmptyCandidatesReturnNone" methodname="EmptyCandidatesReturnNone" classname="InteractionSelectionMathTests" runstate="Runnable" seed="563431694" result="Passed" start-time="2026-08-25 00:01:39Z" end-time="2026-08-25 00:01:39Z" duration="0.000227" asserts="0">
          <properties>
            <property name="retryIteration" value="0" />
            <property name="repeatIteration" value="0" />
          </properties>
        </test-case>
        <test-case id="1090" name="EqualPriorityChoosesNearerOutsideFacingTie" fullname="InteractionSelectionMathTests.EqualPriorityChoosesNearerOutsideFacingTie" methodname="EqualPriorityChoosesNearerOutsideFacingTie" classname="InteractionSelectionMathTests" runstate="Runnable" seed="1799430788" result="Passed" start-time="2026-08-25 00:01:39Z" end-time="2026-08-25 00:01:39Z" duration="0.000295" asserts="0">
          <properties>
            <property name="retryIteration" value="0" />
            <property name="repeatIteration" value="0" />
          </properties>
        </test-case>
        <test-case id="1091" name="FacingBreaksNearDistanceTie" fullname="InteractionSelectionMathTests.FacingBreaksNearDistanceTie" methodname="FacingBreaksNearDistanceTie" classname="InteractionSelectionMathTests" runstate="Runnable" seed="1400398723" result="Passed" start-time="2026-08-25 00:01:39Z" end-time="2026-08-25 00:01:39Z" duration="0.000301" asserts="0">
          <properties>
            <property name="retryIteration" value="0" />
            <property name="repeatIteration" value="0" />
          </properties>
        </test-case>
        <test-case id="1092" name="FacingDoesNotOverrideMeaningfulDistanceDifference" fullname="InteractionSelectionMathTests.FacingDoesNotOverrideMeaningfulDistanceDifference" methodname="FacingDoesNotOverrideMeaningfulDistanceDifference" classname="InteractionSelectionMathTests" runstate="Runnable" seed="1157759901" result="Passed" start-time="2026-08-25 00:01:39Z" end-time="2026-08-25 00:01:39Z" duration="0.000345" asserts="0">
          <properties>
            <property name="retryIteration" value="0" />
            <property name="repeatIteration" value="0" />
          </properties>
        </test-case>
        <test-case id="1089" name="HigherPriorityBeatsNearerCandidate" fullname="InteractionSelectionMathTests.HigherPriorityBeatsNearerCandidate" methodname="HigherPriorityBeatsNearerCandidate" classname="InteractionSelectionMathTests" runstate="Runnable" seed="2012927789" result="Passed" start-time="2026-08-25 00:01:39Z" end-time="2026-08-25 00:01:39Z" duration="0.000475" asserts="0">
          <properties>
            <property name="retryIteration" value="0" />
            <property name="repeatIteration" value="0" />
          </properties>
        </test-case>
        <test-case id="1095" name="InvalidCandidatesAreExcluded" fullname="InteractionSelectionMathTests.InvalidCandidatesAreExcluded" methodname="InvalidCandidatesAreExcluded" classname="InteractionSelectionMathTests" runstate="Runnable" seed="266053024" result="Passed" start-time="2026-08-25 00:01:39Z" end-time="2026-08-25 00:01:39Z" duration="0.000222" asserts="0">
          <properties>
            <property name="retryIteration" value="0" />
            <property name="repeatIteration" value="0" />
          </properties>
        </test-case>
        <test-case id="1094" name="MeaningfullyBetterCandidateBreaksRetention" fullname="InteractionSelectionMathTests.MeaningfullyBetterCandidateBreaksRetention" methodname="MeaningfullyBetterCandidateBreaksRetention" classname="InteractionSelectionMathTests" runstate="Runnable" seed="844160890" result="Passed" start-time="2026-08-25 00:01:39Z" end-time="2026-08-25 00:01:39Z" duration="0.000355" asserts="0">
          <properties>
            <property name="retryIteration" value="0" />
            <property name="repeatIteration" value="0" />
          </properties>
        </test-case>
      </test-suite>
      <test-suite type="TestSuite" id="1184" name="SporeGobbo" fullname="SporeGobbo" runstate="Runnable" testcasecount="42" result="Passed" start-time="2026-08-25 00:01:39Z" end-time="2026-08-25 00:01:39Z" duration="0.110630" total="42" passed="42" failed="0" inconclusive="0" skipped="0" asserts="0">
        <properties />
        <test-suite type="TestSuite" id="1185" name="Input" fullname="SporeGobbo.Input" runstate="Runnable" testcasecount="42" result="Passed" start-time="2026-08-25 00:01:39Z" end-time="2026-08-25 00:01:39Z" duration="0.109460" total="42" passed="42" failed="0" inconclusive="0" skipped="0" asserts="0">
          <properties />
          <test-suite type="TestSuite" id="1186" name="Tests" fullname="SporeGobbo.Input.Tests" runstate="Runnable" testcasecount="42" result="Passed" start-time="2026-08-25 00:01:39Z" end-time="2026-08-25 00:01:39Z" duration="0.108452" total="42" passed="42" failed="0" inconclusive="0" skipped="0" asserts="0">
            <properties />
            <test-suite type="TestFixture" id="1133" name="CorePlayerControlMathTests" fullname="SporeGobbo.Input.Tests.CorePlayerControlMathTests" classname="SporeGobbo.Input.Tests.CorePlayerControlMathTests" runstate="Runnable" testcasecount="8" result="Passed" start-time="2026-08-25 00:01:39Z" end-time="2026-08-25 00:01:39Z" duration="0.006662" total="8" passed="8" failed="0" inconclusive="0" skipped="0" asserts="0">
              <properties />
              <test-suite type="ParameterizedMethod" id="1141" name="AttackSpeedScalesGameplayInterval" fullname="SporeGobbo.Input.Tests.CorePlayerControlMathTests.AttackSpeedScalesGameplayInterval" classname="SporeGobbo.Input.Tests.CorePlayerControlMathTests" runstate="Runnable" testcasecount="3" result="Passed" start-time="2026-08-25 00:01:39Z" end-time="2026-08-25 00:01:39Z" duration="0.002035" total="3" passed="3" failed="0" inconclusive="0" skipped="0" asserts="0">
                <properties />
                <test-case id="1138" name="AttackSpeedScalesGameplayInterval(1.0f,0.7f)" fullname="SporeGobbo.Input.Tests.CorePlayerControlMathTests.AttackSpeedScalesGameplayInterval(1.0f,0.7f)" methodname="AttackSpeedScalesGameplayInterval" classname="SporeGobbo.Input.Tests.CorePlayerControlMathTests" runstate="Runnable" seed="1728463453" result="Passed" start-time="2026-08-25 00:01:39Z" end-time="2026-08-25 00:01:39Z" duration="0.000593" asserts="0">
                  <properties>
                    <property name="retryIteration" value="0" />
                    <property name="repeatIteration" value="0" />
                  </properties>
                </test-case>
                <test-case id="1139" name="AttackSpeedScalesGameplayInterval(1.2f,0.5833333f)" fullname="SporeGobbo.Input.Tests.CorePlayerControlMathTests.AttackSpeedScalesGameplayInterval(1.2f,0.5833333f)" methodname="AttackSpeedScalesGameplayInterval" classname="SporeGobbo.Input.Tests.CorePlayerControlMathTests" runstate="Runnable" seed="795020623" result="Passed" start-time="2026-08-25 00:01:39Z" end-time="2026-08-25 00:01:39Z" duration="0.000181" asserts="0">
                  <properties>
                    <property name="retryIteration" value="0" />
                    <property name="repeatIteration" value="0" />
                  </properties>
                </test-case>
                <test-case id="1140" name="AttackSpeedScalesGameplayInterval(0.8f,0.875f)" fullname="SporeGobbo.Input.Tests.CorePlayerControlMathTests.AttackSpeedScalesGameplayInterval(0.8f,0.875f)" methodname="AttackSpeedScalesGameplayInterval" classname="SporeGobbo.Input.Tests.CorePlayerControlMathTests" runstate="Runnable" seed="1824241779" result="Passed" start-time="2026-08-25 00:01:39Z" end-time="2026-08-25 00:01:39Z" duration="0.000101" asserts="0">
                  <properties>
                    <property name="retryIteration" value="0" />
                    <property name="repeatIteration" value="0" />
                  </properties>
                </test-case>
              </test-suite>
              <test-case id="1142" name="InvalidAttackSpeedClampsSafely" fullname="SporeGobbo.Input.Tests.CorePlayerControlMathTests.InvalidAttackSpeedClampsSafely" methodname="InvalidAttackSpeedClampsSafely" classname="SporeGobbo.Input.Tests.CorePlayerControlMathTests" runstate="Runnable" seed="85477388" result="Passed" start-time="2026-08-25 00:01:39Z" end-time="2026-08-25 00:01:39Z" duration="0.000252" asserts="0">
                <properties>
                  <property name="retryIteration" value="0" />
                  <property name="repeatIteration" value="0" />
                </properties>
              </test-case>
              <test-case id="1137" name="MissingMovementAndAimUsesFallback" fullname="SporeGobbo.Input.Tests.CorePlayerControlMathTests.MissingMovementAndAimUsesFallback" methodname="MissingMovementAndAimUsesFallback" classname="SporeGobbo.Input.Tests.CorePlayerControlMathTests" runstate="Runnable" seed="1195246807" result="Passed" start-time="2026-08-25 00:01:39Z" end-time="2026-08-25 00:01:39Z" duration="0.001072" asserts="0">
                <properties>
                  <property name="retryIteration" value="0" />
                  <property name="repeatIteration" value="0" />
                </properties>
              </test-case>
              <test-case id="1134" name="MovingDashUsesNormalizedMovement" fullname="SporeGobbo.Input.Tests.CorePlayerControlMathTests.MovingDashUsesNormalizedMovement" methodname="MovingDashUsesNormalizedMovement" classname="SporeGobbo.Input.Tests.CorePlayerControlMathTests" runstate="Runnable" seed="1449061614" result="Passed" start-time="2026-08-25 00:01:39Z" end-time="2026-08-25 00:01:39Z" duration="0.000384" asserts="0">
                <properties>
                  <property name="retryIteration" value="0" />
                  <property name="repeatIteration" value="0" />
                </properties>
              </test-case>
              <test-case id="1135" name="StationaryDashUsesAim" fullname="SporeGobbo.Input.Tests.CorePlayerControlMathTests.StationaryDashUsesAim" methodname="StationaryDashUsesAim" classname="SporeGobbo.Input.Tests.CorePlayerControlMathTests" runstate="Runnable" seed="988183974" result="Passed" start-time="2026-08-25 00:01:39Z" end-time="2026-08-25 00:01:39Z" duration="0.000217" asserts="0">
                <properties>
                  <property name="retryIteration" value="0" />
                  <property name="repeatIteration" value="0" />
                </properties>
              </test-case>
              <test-case id="1136" name="TinyAnalogMovementDoesNotOverrideAim" fullname="SporeGobbo.Input.Tests.CorePlayerControlMathTests.TinyAnalogMovementDoesNotOverrideAim" methodname="TinyAnalogMovementDoesNotOverrideAim" classname="SporeGobbo.Input.Tests.CorePlayerControlMathTests" runstate="Runnable" seed="1847719073" result="Passed" start-time="2026-08-25 00:01:39Z" end-time="2026-08-25 00:01:39Z" duration="0.000310" asserts="0">
                <properties>
                  <property name="retryIteration" value="0" />
                  <property name="repeatIteration" value="0" />
                </properties>
              </test-case>
            </test-suite>
            <test-suite type="TestFixture" id="1143" name="SemanticInputBufferTests" fullname="SporeGobbo.Input.Tests.SemanticInputBufferTests" classname="SporeGobbo.Input.Tests.SemanticInputBufferTests" runstate="Runnable" testcasecount="3" result="Passed" start-time="2026-08-25 00:01:39Z" end-time="2026-08-25 00:01:39Z" duration="0.006152" total="3" passed="3" failed="0" inconclusive="0" skipped="0" asserts="0">
              <properties />
              <test-case id="1144" name="BufferedIntentExpiresAndCannotBeConsumed" fullname="SporeGobbo.Input.Tests.SemanticInputBufferTests.BufferedIntentExpiresAndCannotBeConsumed" methodname="BufferedIntentExpiresAndCannotBeConsumed" classname="SporeGobbo.Input.Tests.SemanticInputBufferTests" runstate="Runnable" seed="1128544949" result="Passed" start-time="2026-08-25 00:01:39Z" end-time="2026-08-25 00:01:39Z" duration="0.003502" asserts="0">
                <properties>
                  <property name="retryIteration" value="0" />
                  <property name="repeatIteration" value="0" />
                </properties>
              </test-case>
              <test-case id="1146" name="ClearRemovesAllBufferedIntent" fullname="SporeGobbo.Input.Tests.SemanticInputBufferTests.ClearRemovesAllBufferedIntent" methodname="ClearRemovesAllBufferedIntent" classname="SporeGobbo.Input.Tests.SemanticInputBufferTests" runstate="Runnable" seed="416043073" result="Passed" start-time="2026-08-25 00:01:39Z" end-time="2026-08-25 00:01:39Z" duration="0.000502" asserts="0">
                <properties>
                  <property name="retryIteration" value="0" />
                  <property name="repeatIteration" value="0" />
                </properties>
              </test-case>
              <test-case id="1145" name="ConsumeSucceedsOnlyOnce" fullname="SporeGobbo.Input.Tests.SemanticInputBufferTests.ConsumeSucceedsOnlyOnce" methodname="ConsumeSucceedsOnlyOnce" classname="SporeGobbo.Input.Tests.SemanticInputBufferTests" runstate="Runnable" seed="1294561966" result="Passed" start-time="2026-08-25 00:01:39Z" end-time="2026-08-25 00:01:39Z" duration="0.000313" asserts="0">
                <properties>
                  <property name="retryIteration" value="0" />
                  <property name="repeatIteration" value="0" />
                </properties>
              </test-case>
            </test-suite>
            <test-suite type="TestFixture" id="1147" name="SporeBindingServiceTests" fullname="SporeGobbo.Input.Tests.SporeBindingServiceTests" classname="SporeGobbo.Input.Tests.SporeBindingServiceTests" runstate="Runnable" testcasecount="15" result="Passed" start-time="2026-08-25 00:01:39Z" end-time="2026-08-25 00:01:39Z" duration="0.072913" total="15" passed="15" failed="0" inconclusive="0" skipped="0" asserts="0">
              <properties />
              <test-case id="1163" name="CancelWithoutOperationLeavesBindingUnchanged" fullname="SporeGobbo.Input.Tests.SporeBindingServiceTests.CancelWithoutOperationLeavesBindingUnchanged" methodname="CancelWithoutOperationLeavesBindingUnchanged" classname="SporeGobbo.Input.Tests.SporeBindingServiceTests" runstate="Runnable" seed="1312107180" result="Passed" start-time="2026-08-25 00:01:39Z" end-time="2026-08-25 00:01:39Z" duration="0.012783" asserts="0">
                <properties>
                  <property name="retryIteration" value="0" />
                  <property name="repeatIteration" value="0" />
                </properties>
              </test-case>
              <test-case id="1156" name="CrossContextReuseIsNotConflict" fullname="SporeGobbo.Input.Tests.SporeBindingServiceTests.CrossContextReuseIsNotConflict" methodname="CrossContextReuseIsNotConflict" classname="SporeGobbo.Input.Tests.SporeBindingServiceTests" runstate="Runnable" seed="260558459" result="Passed" start-time="2026-08-25 00:01:39Z" end-time="2026-08-25 00:01:39Z" duration="0.000896" asserts="0">
                <properties>
                  <property name="retryIteration" value="0" />
                  <property name="repeatIteration" value="0" />
                </properties>
              </test-case>
              <test-case id="1153" name="GamepadDisplayChangesAfterOverride" fullname="SporeGobbo.Input.Tests.SporeBindingServiceTests.GamepadDisplayChangesAfterOverride" methodname="GamepadDisplayChangesAfterOverride" classname="SporeGobbo.Input.Tests.SporeBindingServiceTests" runstate="Runnable" seed="1503978526" result="Passed" start-time="2026-08-25 00:01:39Z" end-time="2026-08-25 00:01:39Z" duration="0.032053" asserts="0">
                <properties>
                  <property name="retryIteration" value="0" />
                  <property name="repeatIteration" value="0" />
                </properties>
              </test-case>
              <test-case id="1150" name="InvalidJsonFailsSafelyBeforeApplying" fullname="SporeGobbo.Input.Tests.SporeBindingServiceTests.InvalidJsonFailsSafelyBeforeApplying" methodname="InvalidJsonFailsSafelyBeforeApplying" classname="SporeGobbo.Input.Tests.SporeBindingServiceTests" runstate="Runnable" seed="1331310625" result="Passed" start-time="2026-08-25 00:01:39Z" end-time="2026-08-25 00:01:39Z" duration="0.001603" asserts="0">
                <properties>
                  <property name="retryIteration" value="0" />
                  <property name="repeatIteration" value="0" />
                </properties>
              </test-case>
              <test-case id="1152" name="KeyboardDisplayChangesAfterOverride" fullname="SporeGobbo.Input.Tests.SporeBindingServiceTests.KeyboardDisplayChangesAfterOverride" methodname="KeyboardDisplayChangesAfterOverride" classname="SporeGobbo.Input.Tests.SporeBindingServiceTests" runstate="Runnable" seed="1360392764" result="Passed" start-time="2026-08-25 00:01:39Z" end-time="2026-08-25 00:01:39Z" duration="0.005730" asserts="0">
                <properties>
                  <property name="retryIteration" value="0" />
                  <property name="repeatIteration" value="0" />
                </properties>
              </test-case>
              <test-case id="1149" name="MissingJsonLeavesDefaults" fullname="SporeGobbo.Input.Tests.SporeBindingServiceTests.MissingJsonLeavesDefaults" methodname="MissingJsonLeavesDefaults" classname="SporeGobbo.Input.Tests.SporeBindingServiceTests" runstate="Runnable" seed="316668856" result="Passed" start-time="2026-08-25 00:01:39Z" end-time="2026-08-25 00:01:39Z" duration="0.000929" asserts="0">
                <properties>
                  <property name="retryIteration" value="0" />
                  <property name="repeatIteration" value="0" />
                </properties>
              </test-case>
              <test-case id="1148" name="OverrideSerializesAndLoads" fullname="SporeGobbo.Input.Tests.SporeBindingServiceTests.OverrideSerializesAndLoads" methodname="OverrideSerializesAndLoads" classname="SporeGobbo.Input.Tests.SporeBindingServiceTests" runstate="Runnable" seed="911600179" result="Passed" start-time="2026-08-25 00:01:39Z" end-time="2026-08-25 00:01:39Z" duration="0.006189" asserts="0">
                <properties>
                  <property name="retryIteration" value="0" />
                  <property name="repeatIteration" value="0" />
                </properties>
              </test-case>
              <test-case id="1151" name="ResetRestoresDefaultDisplay" fullname="SporeGobbo.Input.Tests.SporeBindingServiceTests.ResetRestoresDefaultDisplay" methodname="ResetRestoresDefaultDisplay" classname="SporeGobbo.Input.Tests.SporeBindingServiceTests" runstate="Runnable" seed="649681457" result="Passed" start-time="2026-08-25 00:01:39Z" end-time="2026-08-25 00:01:39Z" duration="0.001835" asserts="0">
                <properties>
                  <property name="retryIteration" value="0" />
                  <property name="repeatIteration" value="0" />
                </properties>
              </test-case>
              <test-case id="1155" name="SameActionCompositePartsCanConflict" fullname="SporeGobbo.Input.Tests.SporeBindingServiceTests.SameActionCompositePartsCanConflict" methodname="SameActionCompositePartsCanConflict" classname="SporeGobbo.Input.Tests.SporeBindingServiceTests" runstate="Runnable" seed="208603360" result="Passed" start-time="2026-08-25 00:01:39Z" end-time="2026-08-25 00:01:39Z" duration="0.000483" asserts="0">
                <properties>
                  <property name="retryIteration" value="0" />
                  <property name="repeatIteration" value="0" />
                </properties>
              </test-case>
              <test-case id="1154" name="SameGameplayControlIsConflict" fullname="SporeGobbo.Input.Tests.SporeBindingServiceTests.SameGameplayControlIsConflict" methodname="SameGameplayControlIsConflict" classname="SporeGobbo.Input.Tests.SporeBindingServiceTests" runstate="Runnable" seed="1304024501" result="Passed" start-time="2026-08-25 00:01:39Z" end-time="2026-08-25 00:01:39Z" duration="0.000418" asserts="0">
                <properties>
                  <property name="retryIteration" value="0" />
                  <property name="repeatIteration" value="0" />
                </properties>
              </test-case>
              <test-suite type="ParameterizedMethod" id="1162" name="SchemeFiltering" fullname="SporeGobbo.Input.Tests.SporeBindingServiceTests.SchemeFiltering" classname="SporeGobbo.Input.Tests.SporeBindingServiceTests" runstate="Runnable" testcasecount="5" result="Passed" start-time="2026-08-25 00:01:39Z" end-time="2026-08-25 00:01:39Z" duration="0.004568" total="5" passed="5" failed="0" inconclusive="0" skipped="0" asserts="0">
                <properties />
                <test-case id="1157" name="SchemeFiltering(KeyboardMouse,&quot;&lt;Keyboard&gt;/g&quot;,True)" fullname="SporeGobbo.Input.Tests.SporeBindingServiceTests.SchemeFiltering(KeyboardMouse,&quot;&lt;Keyboard&gt;/g&quot;,True)" methodname="SchemeFiltering" classname="SporeGobbo.Input.Tests.SporeBindingServiceTests" runstate="Runnable" seed="331289298" result="Passed" start-time="2026-08-25 00:01:39Z" end-time="2026-08-25 00:01:39Z" duration="0.000882" asserts="0">
                  <properties>
                    <property name="retryIteration" value="0" />
                    <property name="repeatIteration" value="0" />
                  </properties>
                </test-case>
                <test-case id="1158" name="SchemeFiltering(KeyboardMouse,&quot;&lt;Mouse&gt;/leftButton&quot;,True)" fullname="SporeGobbo.Input.Tests.SporeBindingServiceTests.SchemeFiltering(KeyboardMouse,&quot;&lt;Mouse&gt;/leftButton&quot;,True)" methodname="SchemeFiltering" classname="SporeGobbo.Input.Tests.SporeBindingServiceTests" runstate="Runnable" seed="559703217" result="Passed" start-time="2026-08-25 00:01:39Z" end-time="2026-08-25 00:01:39Z" duration="0.000470" asserts="0">
                  <properties>
                    <property name="retryIteration" value="0" />
                    <property name="repeatIteration" value="0" />
                  </properties>
                </test-case>
                <test-case id="1159" name="SchemeFiltering(KeyboardMouse,&quot;&lt;Gamepad&gt;/buttonSouth&quot;,False)" fullname="SporeGobbo.Input.Tests.SporeBindingServiceTests.SchemeFiltering(KeyboardMouse,&quot;&lt;Gamepad&gt;/buttonSouth&quot;,False)" methodname="SchemeFiltering" classname="SporeGobbo.Input.Tests.SporeBindingServiceTests" runstate="Runnable" seed="1367300686" result="Passed" start-time="2026-08-25 00:01:39Z" end-time="2026-08-25 00:01:39Z" duration="0.000326" asserts="0">
                  <properties>
                    <property name="retryIteration" value="0" />
                    <property name="repeatIteration" value="0" />
                  </properties>
                </test-case>
                <test-case id="1160" name="SchemeFiltering(Gamepad,&quot;&lt;Gamepad&gt;/leftTrigger&quot;,True)" fullname="SporeGobbo.Input.Tests.SporeBindingServiceTests.SchemeFiltering(Gamepad,&quot;&lt;Gamepad&gt;/leftTrigger&quot;,True)" methodname="SchemeFiltering" classname="SporeGobbo.Input.Tests.SporeBindingServiceTests" runstate="Runnable" seed="1090457649" result="Passed" start-time="2026-08-25 00:01:39Z" end-time="2026-08-25 00:01:39Z" duration="0.000442" asserts="0">
                  <properties>
                    <property name="retryIteration" value="0" />
                    <property name="repeatIteration" value="0" />
                  </properties>
                </test-case>
                <test-case id="1161" name="SchemeFiltering(Gamepad,&quot;&lt;Keyboard&gt;/g&quot;,False)" fullname="SporeGobbo.Input.Tests.SporeBindingServiceTests.SchemeFiltering(Gamepad,&quot;&lt;Keyboard&gt;/g&quot;,False)" methodname="SchemeFiltering" classname="SporeGobbo.Input.Tests.SporeBindingServiceTests" runstate="Runnable" seed="1418767836" result="Passed" start-time="2026-08-25 00:01:39Z" end-time="2026-08-25 00:01:39Z" duration="0.000371" asserts="0">
                  <properties>
                    <property name="retryIteration" value="0" />
                    <property name="repeatIteration" value="0" />
                  </properties>
                </test-case>
              </test-suite>
            </test-suite>
            <test-suite type="TestFixture" id="1164" name="SporeInputActionContractTests" fullname="SporeGobbo.Input.Tests.SporeInputActionContractTests" classname="SporeGobbo.Input.Tests.SporeInputActionContractTests" runstate="Runnable" testcasecount="12" result="Passed" start-time="2026-08-25 00:01:39Z" end-time="2026-08-25 00:01:39Z" duration="0.017308" total="12" passed="12" failed="0" inconclusive="0" skipped="0" asserts="0">
              <properties />
              <test-case id="1165" name="ContractContainsOnlySupportedMapsAndSchemes" fullname="SporeGobbo.Input.Tests.SporeInputActionContractTests.ContractContainsOnlySupportedMapsAndSchemes" methodname="ContractContainsOnlySupportedMapsAndSchemes" classname="SporeGobbo.Input.Tests.SporeInputActionContractTests" runstate="Runnable" seed="1073400998" result="Passed" start-time="2026-08-25 00:01:39Z" end-time="2026-08-25 00:01:39Z" duration="0.003521" asserts="0">
                <properties>
                  <property name="retryIteration" value="0" />
                  <property name="repeatIteration" value="0" />
                </properties>
              </test-case>
[...]
          <properties>
            <property name="retryIteration" value="0" />
            <property name="repeatIteration" value="0" />
          </properties>
        </test-case>
        <test-case id="1104" name="ConfiguredWeightsPredictablyChangeSelection" fullname="TargetResolutionMathTests.ConfiguredWeightsPredictablyChangeSelection" methodname="ConfiguredWeightsPredictablyChangeSelection" classname="TargetResolutionMathTests" runstate="Runnable" seed="872269892" result="Passed" start-time="2026-08-25 00:01:39Z" end-time="2026-08-25 00:01:39Z" duration="0.000399" asserts="0">
          <properties>
            <property name="retryIteration" value="0" />
            <property name="repeatIteration" value="0" />
          </properties>
        </test-case>
        <test-case id="1098" name="DirectlyAheadQualifies" fullname="TargetResolutionMathTests.DirectlyAheadQualifies" methodname="DirectlyAheadQualifies" classname="TargetResolutionMathTests" runstate="Runnable" seed="373606918" result="Passed" start-time="2026-08-25 00:01:39Z" end-time="2026-08-25 00:01:39Z" duration="0.000253" asserts="0">
          <properties>
            <property name="retryIteration" value="0" />
            <property name="repeatIteration" value="0" />
          </properties>
        </test-case>
        <test-case id="1103" name="DistanceBreaksEqualAlignmentTie" fullname="TargetResolutionMathTests.DistanceBreaksEqualAlignmentTie" methodname="DistanceBreaksEqualAlignmentTie" classname="TargetResolutionMathTests" runstate="Runnable" seed="1903777779" result="Passed" start-time="2026-08-25 00:01:39Z" end-time="2026-08-25 00:01:39Z" duration="0.000361" asserts="0">
          <properties>
            <property name="retryIteration" value="0" />
            <property name="repeatIteration" value="0" />
          </properties>
        </test-case>
        <test-case id="1106" name="EmptyOrFilteredCandidatesReturnNoTarget" fullname="TargetResolutionMathTests.EmptyOrFilteredCandidatesReturnNoTarget" methodname="EmptyOrFilteredCandidatesReturnNoTarget" classname="TargetResolutionMathTests" runstate="Runnable" seed="128933757" result="Passed" start-time="2026-08-25 00:01:39Z" end-time="2026-08-25 00:01:39Z" duration="0.000294" asserts="0">
          <properties>
            <property name="retryIteration" value="0" />
            <property name="repeatIteration" value="0" />
          </properties>
        </test-case>
        <test-case id="1107" name="RetainedAimDirectionCanBeUsedWithoutCurrentStickInput" fullname="TargetResolutionMathTests.RetainedAimDirectionCanBeUsedWithoutCurrentStickInput" methodname="RetainedAimDirectionCanBeUsedWithoutCurrentStickInput" classname="TargetResolutionMathTests" runstate="Runnable" seed="370556529" result="Passed" start-time="2026-08-25 00:01:39Z" end-time="2026-08-25 00:01:39Z" duration="0.000243" asserts="0">
          <properties>
            <property name="retryIteration" value="0" />
            <property name="repeatIteration" value="0" />
          </properties>
        </test-case>
        <test-case id="1099" name="TargetAtConeEdgeQualifies" fullname="TargetResolutionMathTests.TargetAtConeEdgeQualifies" methodname="TargetAtConeEdgeQualifies" classname="TargetResolutionMathTests" runstate="Runnable" seed="208468867" result="Passed" start-time="2026-08-25 00:01:39Z" end-time="2026-08-25 00:01:39Z" duration="0.000216" asserts="0">
          <properties>
            <property name="retryIteration" value="0" />
            <property name="repeatIteration" value="0" />
          </properties>
        </test-case>
        <test-case id="1101" name="TargetBehindIsRejected" fullname="TargetResolutionMathTests.TargetBehindIsRejected" methodname="TargetBehindIsRejected" classname="TargetResolutionMathTests" runstate="Runnable" seed="488688833" result="Passed" start-time="2026-08-25 00:01:39Z" end-time="2026-08-25 00:01:39Z" duration="0.000163" asserts="0">
          <properties>
            <property name="retryIteration" value="0" />
            <property name="repeatIteration" value="0" />
          </properties>
        </test-case>
        <test-case id="1105" name="TargetBeyondMaxRangeIsRejected" fullname="TargetResolutionMathTests.TargetBeyondMaxRangeIsRejected" methodname="TargetBeyondMaxRangeIsRejected" classname="TargetResolutionMathTests" runstate="Runnable" seed="994312537" result="Passed" start-time="2026-08-25 00:01:39Z" end-time="2026-08-25 00:01:39Z" duration="0.000161" asserts="0">
          <properties>
            <property name="retryIteration" value="0" />
            <property name="repeatIteration" value="0" />
          </properties>
        </test-case>
        <test-case id="1100" name="TargetOutsideConeIsRejected" fullname="TargetResolutionMathTests.TargetOutsideConeIsRejected" methodname="TargetOutsideConeIsRejected" classname="TargetResolutionMathTests" runstate="Runnable" seed="110008398" result="Passed" start-time="2026-08-25 00:01:39Z" end-time="2026-08-25 00:01:39Z" duration="0.000158" asserts="0">
          <properties>
            <property name="retryIteration" value="0" />
            <property name="repeatIteration" value="0" />
          </properties>
        </test-case>
      </test-suite>
      <test-suite type="TestFixture" id="1108" name="UiOwnershipModelTests" fullname="UiOwnershipModelTests" classname="UiOwnershipModelTests" runstate="Runnable" testcasecount="19" result="Passed" start-time="2026-08-25 00:01:39Z" end-time="2026-08-25 00:01:39Z" duration="0.013062" total="19" passed="19" failed="0" inconclusive="0" skipped="0" asserts="0">
        <properties />
        <test-case id="1109" name="DestroyedModalPauseLeaseReleasesOnlyItsOwner" fullname="UiOwnershipModelTests.DestroyedModalPauseLeaseReleasesOnlyItsOwner" methodname="DestroyedModalPauseLeaseReleasesOnlyItsOwner" classname="UiOwnershipModelTests" runstate="Runnable" seed="137398013" result="Passed" start-time="2026-08-25 00:01:39Z" end-time="2026-08-25 00:01:39Z" duration="0.000932" asserts="0">
          <properties>
            <property name="retryIteration" value="0" />
            <property name="repeatIteration" value="0" />
          </properties>
        </test-case>
        <test-case id="1110" name="DuplicatePauseReleaseIsSafe" fullname="UiOwnershipModelTests.DuplicatePauseReleaseIsSafe" methodname="DuplicatePauseReleaseIsSafe" classname="UiOwnershipModelTests" runstate="Runnable" seed="1828230321" result="Passed" start-time="2026-08-25 00:01:39Z" end-time="2026-08-25 00:01:39Z" duration="0.000273" asserts="0">
          <properties>
            <property name="retryIteration" value="0" />
            <property name="repeatIteration" value="0" />
          </properties>
        </test-case>
        <test-case id="1112" name="GameplayPauseRoutesToOpenPause" fullname="UiOwnershipModelTests.GameplayPauseRoutesToOpenPause" methodname="GameplayPauseRoutesToOpenPause" classname="UiOwnershipModelTests" runstate="Runnable" seed="1783444351" result="Passed" start-time="2026-08-25 00:01:39Z" end-time="2026-08-25 00:01:39Z" duration="0.000488" asserts="0">
          <properties>
            <property name="retryIteration" value="0" />
            <property name="repeatIteration" value="0" />
          </properties>
        </test-case>
        <test-suite type="ParameterizedMethod" id="1119" name="InvalidOpenCampModalMustForceClear" fullname="UiOwnershipModelTests.InvalidOpenCampModalMustForceClear" classname="UiOwnershipModelTests" runstate="Runnable" testcasecount="2" result="Passed" start-time="2026-08-25 00:01:39Z" end-time="2026-08-25 00:01:39Z" duration="0.003143" total="2" passed="2" failed="0" inconclusive="0" skipped="0" asserts="0">
          <properties />
          <test-case id="1117" name="InvalidOpenCampModalMustForceClear(True,False,False)" fullname="UiOwnershipModelTests.InvalidOpenCampModalMustForceClear(True,False,False)" methodname="InvalidOpenCampModalMustForceClear" classname="UiOwnershipModelTests" runstate="Runnable" seed="1941948221" result="Passed" start-time="2026-08-25 00:01:39Z" end-time="2026-08-25 00:01:39Z" duration="0.000632" asserts="0">
            <properties>
              <property name="retryIteration" value="0" />
              <property name="repeatIteration" value="0" />
            </properties>
          </test-case>
          <test-case id="1118" name="InvalidOpenCampModalMustForceClear(True,True,False)" fullname="UiOwnershipModelTests.InvalidOpenCampModalMustForceClear(True,True,False)" methodname="InvalidOpenCampModalMustForceClear" classname="UiOwnershipModelTests" runstate="Runnable" seed="682018754" result="Passed" start-time="2026-08-25 00:01:39Z" end-time="2026-08-25 00:01:39Z" duration="0.000362" asserts="0">
            <properties>
              <property name="retryIteration" value="0" />
              <property name="repeatIteration" value="0" />
            </properties>
          </test-case>
        </test-suite>
        <test-case id="1127" name="InvalidPreferredModalActionFallsBackDeterministically" fullname="UiOwnershipModelTests.InvalidPreferredModalActionFallsBackDeterministically" methodname="InvalidPreferredModalActionFallsBackDeterministically" classname="UiOwnershipModelTests" runstate="Runnable" seed="682426661" result="Passed" start-time="2026-08-25 00:01:39Z" end-time="2026-08-25 00:01:39Z" duration="0.000867" asserts="0">
          <properties>
            <property name="retryIteration" value="0" />
            <property name="repeatIteration" value="0" />
          </properties>
        </test-case>
        <test-case id="1113" name="ModalCancelHasPriorityAndDoesNotOpenPause" fullname="UiOwnershipModelTests.ModalCancelHasPriorityAndDoesNotOpenPause" methodname="ModalCancelHasPriorityAndDoesNotOpenPause" classname="UiOwnershipModelTests" runstate="Runnable" seed="1695510025" result="Passed" start-time="2026-08-25 00:01:39Z" end-time="2026-08-25 00:01:39Z" duration="0.000157" asserts="0">
          <properties>
            <property name="retryIteration" value="0" />
            <property name="repeatIteration" value="0" />
          </properties>
        </test-case>
        <test-suite type="ParameterizedMethod" id="1126" name="ModalDefaultRejectsHiddenDisabledNonInteractableOrForeignCandidates" fullname="UiOwnershipModelTests.ModalDefaultRejectsHiddenDisabledNonInteractableOrForeignCandidates" classname="UiOwnershipModelTests" runstate="Runnable" testcasecount="5" result="Passed" start-time="2026-08-25 00:01:39Z" end-time="2026-08-25 00:01:39Z" duration="0.001490" total="5" passed="5" failed="0" inconclusive="0" skipped="0" asserts="0">
          <properties />
          <test-case id="1121" name="ModalDefaultRejectsHiddenDisabledNonInteractableOrForeignCandidates(True,True,True,True,True,True)" fullname="UiOwnershipModelTests.ModalDefaultRejectsHiddenDisabledNonInteractableOrForeignCandidates(True,True,True,True,True,True)" methodname="ModalDefaultRejectsHiddenDisabledNonInteractableOrForeignCandidates" classname="UiOwnershipModelTests" runstate="Runnable" seed="1451915299" result="Passed" start-time="2026-08-25 00:01:39Z" end-time="2026-08-25 00:01:39Z" duration="0.000308" asserts="0">
            <properties>
              <property name="retryIteration" value="0" />
              <property name="repeatIteration" value="0" />
            </properties>
          </test-case>
          <test-case id="1122" name="ModalDefaultRejectsHiddenDisabledNonInteractableOrForeignCandidates(True,False,True,True,True,False)" fullname="UiOwnershipModelTests.ModalDefaultRejectsHiddenDisabledNonInteractableOrForeignCandidates(True,False,True,True,True,False)" methodname="ModalDefaultRejectsHiddenDisabledNonInteractableOrForeignCandidates" classname="UiOwnershipModelTests" runstate="Runnable" seed="117520624" result="Passed" start-time="2026-08-25 00:01:39Z" end-time="2026-08-25 00:01:39Z" duration="0.000080" asserts="0">
            <properties>
              <property name="retryIteration" value="0" />
              <property name="repeatIteration" value="0" />
            </properties>
          </test-case>
          <test-case id="1123" name="ModalDefaultRejectsHiddenDisabledNonInteractableOrForeignCandidates(True,True,False,True,True,False)" fullname="UiOwnershipModelTests.ModalDefaultRejectsHiddenDisabledNonInteractableOrForeignCandidates(True,True,False,True,True,False)" methodname="ModalDefaultRejectsHiddenDisabledNonInteractableOrForeignCandidates" classname="UiOwnershipModelTests" runstate="Runnable" seed="21986757" result="Passed" start-time="2026-08-25 00:01:39Z" end-time="2026-08-25 00:01:39Z" duration="0.000095" asserts="0">
            <properties>
              <property name="retryIteration" value="0" />
              <property name="repeatIteration" value="0" />
            </properties>
          </test-case>
          <test-case id="1124" name="ModalDefaultRejectsHiddenDisabledNonInteractableOrForeignCandidates(True,True,True,False,True,False)" fullname="UiOwnershipModelTests.ModalDefaultRejectsHiddenDisabledNonInteractableOrForeignCandidates(True,True,True,False,True,False)" methodname="ModalDefaultRejectsHiddenDisabledNonInteractableOrForeignCandidates" classname="UiOwnershipModelTests" runstate="Runnable" seed="1334867316" result="Passed" start-time="2026-08-25 00:01:39Z" end-time="2026-08-25 00:01:39Z" duration="0.000080" asserts="0">
            <properties>
              <property name="retryIteration" value="0" />
              <property name="repeatIteration" value="0" />
            </properties>
          </test-case>
          <test-case id="1125" name="ModalDefaultRejectsHiddenDisabledNonInteractableOrForeignCandidates(True,True,True,True,False,False)" fullname="UiOwnershipModelTests.ModalDefaultRejectsHiddenDisabledNonInteractableOrForeignCandidates(True,True,True,True,False,False)" methodname="ModalDefaultRejectsHiddenDisabledNonInteractableOrForeignCandidates" classname="UiOwnershipModelTests" runstate="Runnable" seed="814189572" result="Passed" start-time="2026-08-25 00:01:39Z" end-time="2026-08-25 00:01:39Z" duration="0.000072" asserts="0">
            <properties>
              <property name="retryIteration" value="0" />
              <property name="repeatIteration" value="0" />
            </properties>
          </test-case>
        </test-suite>
        <test-case id="1114" name="PauseActionClosesPause" fullname="UiOwnershipModelTests.PauseActionClosesPause" methodname="PauseActionClosesPause" classname="UiOwnershipModelTests" runstate="Runnable" seed="734248854" result="Passed" start-time="2026-08-25 00:01:39Z" end-time="2026-08-25 00:01:39Z" duration="0.000157" asserts="0">
          <properties>
            <property name="retryIteration" value="0" />
            <property name="repeatIteration" value="0" />
          </properties>
        </test-case>
        <test-case id="1115" name="PauseCancelBacksSubpageBeforeClosing" fullname="UiOwnershipModelTests.PauseCancelBacksSubpageBeforeClosing" methodname="PauseCancelBacksSubpageBeforeClosing" classname="UiOwnershipModelTests" runstate="Runnable" seed="206653374" result="Passed" start-time="2026-08-25 00:01:39Z" end-time="2026-08-25 00:01:39Z" duration="0.000176" asserts="0">
          <properties>
            <property name="retryIteration" value="0" />
            <property name="repeatIteration" value="0" />
          </properties>
        </test-case>
        <test-case id="1111" name="PauseResetClearsAllOwners" fullname="UiOwnershipModelTests.PauseResetClearsAllOwners" methodname="PauseResetClearsAllOwners" classname="UiOwnershipModelTests" runstate="Runnable" seed="1428754503" result="Passed" start-time="2026-08-25 00:01:39Z" end-time="2026-08-25 00:01:39Z" duration="0.000355" asserts="0">
          <properties>
            <property name="retryIteration" value="0" />
            <property name="repeatIteration" value="0" />
          </properties>
        </test-case>
        <test-suite type="ParameterizedMethod" id="1130" name="SingleSceneLoadNormalizesAwayFromWheel" fullname="UiOwnershipModelTests.SingleSceneLoadNormalizesAwayFromWheel" classname="UiOwnershipModelTests" runstate="Runnable" testcasecount="2" result="Passed" start-time="2026-08-25 00:01:39Z" end-time="2026-08-25 00:01:39Z" duration="0.001075" total="2" passed="2" failed="0" inconclusive="0" skipped="0" asserts="0">
          <properties />
          <test-case id="1128" name="SingleSceneLoadNormalizesAwayFromWheel(False,Gameplay)" fullname="UiOwnershipModelTests.SingleSceneLoadNormalizesAwayFromWheel(False,Gameplay)" methodname="SingleSceneLoadNormalizesAwayFromWheel" classname="UiOwnershipModelTests" runstate="Runnable" seed="1179387526" result="Passed" start-time="2026-08-25 00:01:39Z" end-time="2026-08-25 00:01:39Z" duration="0.000320" asserts="0">
            <properties>
              <property name="retryIteration" value="0" />
              <property name="repeatIteration" value="0" />
            </properties>
          </test-case>
          <test-case id="1129" name="SingleSceneLoadNormalizesAwayFromWheel(True,Modal)" fullname="UiOwnershipModelTests.SingleSceneLoadNormalizesAwayFromWheel(True,Modal)" methodname="SingleSceneLoadNormalizesAwayFromWheel" classname="UiOwnershipModelTests" runstate="Runnable" seed="913536052" result="Passed" start-time="2026-08-25 00:01:39Z" end-time="2026-08-25 00:01:39Z" duration="0.000094" asserts="0">
            <properties>
              <property name="retryIteration" value="0" />
              <property name="repeatIteration" value="0" />
            </properties>
          </test-case>
        </test-suite>
        <test-case id="1120" name="ValidActiveCampModalRemainsOpen" fullname="UiOwnershipModelTests.ValidActiveCampModalRemainsOpen" methodname="ValidActiveCampModalRemainsOpen" classname="UiOwnershipModelTests" runstate="Runnable" seed="1786591249" result="Passed" start-time="2026-08-25 00:01:39Z" end-time="2026-08-25 00:01:39Z" duration="0.000152" asserts="0">
          <properties>
            <property name="retryIteration" value="0" />
            <property name="repeatIteration" value="0" />
          </properties>
        </test-case>
        <test-case id="1116" name="WheelPauseRoutesToPause" fullname="UiOwnershipModelTests.WheelPauseRoutesToPause" methodname="WheelPauseRoutesToPause" classname="UiOwnershipModelTests" runstate="Runnable" seed="1930762536" result="Passed" start-time="2026-08-25 00:01:39Z" end-time="2026-08-25 00:01:39Z" duration="0.000159" asserts="0">
          <properties>
            <property name="retryIteration" value="0" />
            <property name="repeatIteration" value="0" />
          </properties>
        </test-case>
      </test-suite>
      <test-suite type="TestFixture" id="1131" name="WorldInteractionCleanupTests" fullname="WorldInteractionCleanupTests" classname="WorldInteractionCleanupTests" runstate="Runnable" testcasecount="1" result="Passed" start-time="2026-08-25 00:01:39Z" end-time="2026-08-25 00:01:39Z" duration="0.052081" total="1" passed="1" failed="0" inconclusive="0" skipped="0" asserts="0">
        <properties />
        <test-case id="1132" name="SharedRuntimePrompt_IsLoadableAndContainsTextPresenter" fullname="WorldInteractionCleanupTests.SharedRuntimePrompt_IsLoadableAndContainsTextPresenter" methodname="SharedRuntimePrompt_IsLoadableAndContainsTextPresenter" classname="WorldInteractionCleanupTests" runstate="Runnable" seed="1205577764" result="Passed" start-time="2026-08-25 00:01:39Z" end-time="2026-08-25 00:01:39Z" duration="0.051452" asserts="0">
          <properties>
            <property name="retryIteration" value="0" />
            <property name="repeatIteration" value="0" />
          </properties>
          <output><![CDATA[Saving results to: C:/Users/ezpay/AppData/LocalLow/DefaultCompany/SporeGobbo\TestResults.xml
]]></output>
        </test-case>
      </test-suite>
    </test-suite>
  </test-suite>
</test-run>